
Debug/mcu_echo.elf:     file format elf32-littlearm
Debug/mcu_echo.elf
architecture: armv7e-m, flags 0x00000112:
EXEC_P, HAS_SYMS, D_PAGED
start address 0x080006e5

Program Header:
    LOAD off    0x00010000 vaddr 0x08000000 paddr 0x08000000 align 2**16
         filesz 0x0000114c memsz 0x0000114c flags rwx
    LOAD off    0x00020000 vaddr 0x20000000 paddr 0x0800114c align 2**16
         filesz 0x00000068 memsz 0x00000498 flags rw-
    LOAD off    0x00000498 vaddr 0x20000498 paddr 0x080011b4 align 2**16
         filesz 0x00000000 memsz 0x00000600 flags rw-
private flags = 0x5000200: [Version5 EABI] [soft-float ABI]

Sections:
Idx Name          Size      VMA       LMA       File off  Algn
  0 .isr_vector   00000198  08000000  08000000  00010000  2**0
                  CONTENTS, ALLOC, LOAD, READONLY, DATA
  1 .text         00000ef0  080001a0  080001a0  000101a0  2**4
                  CONTENTS, ALLOC, LOAD, READONLY, CODE
  2 .rodata       000000b4  08001090  08001090  00011090  2**2
                  CONTENTS, ALLOC, LOAD, READONLY, DATA
  3 .ARM.extab    00000000  08001144  08001144  00020068  2**0
                  CONTENTS
  4 .ARM          00000000  08001144  08001144  00020068  2**0
                  CONTENTS
  5 .preinit_array 00000000  08001144  08001144  00020068  2**0
                  CONTENTS, ALLOC, LOAD, DATA
  6 .init_array   00000004  08001144  08001144  00011144  2**2
                  CONTENTS, ALLOC, LOAD, DATA
  7 .fini_array   00000004  08001148  08001148  00011148  2**2
                  CONTENTS, ALLOC, LOAD, DATA
  8 .data         00000068  20000000  0800114c  00020000  2**2
                  CONTENTS, ALLOC, LOAD, DATA
  9 .bss          00000430  20000068  080011b4  00020068  2**2
                  ALLOC
 10 ._user_heap_stack 00000600  20000498  080011b4  00020498  2**0
                  ALLOC
 11 .ARM.attributes 0000002e  00000000  00000000  00020068  2**0
                  CONTENTS, READONLY
 12 .debug_info   0000819b  00000000  00000000  00020096  2**0
                  CONTENTS, READONLY, DEBUGGING, OCTETS
 13 .debug_abbrev 00001f57  00000000  00000000  00028231  2**0
                  CONTENTS, READONLY, DEBUGGING, OCTETS
 14 .debug_loc    00000155  00000000  00000000  0002a188  2**0
                  CONTENTS, READONLY, DEBUGGING, OCTETS
 15 .debug_aranges 00000350  00000000  00000000  0002a2e0  2**3
                  CONTENTS, READONLY, DEBUGGING, OCTETS
 16 .debug_ranges 000000a0  00000000  00000000  0002a630  2**3
                  CONTENTS, READONLY, DEBUGGING, OCTETS
 17 .debug_line   00002fa5  00000000  00000000  0002a6d0  2**0
                  CONTENTS, READONLY, DEBUGGING, OCTETS
 18 .debug_str    000015c8  00000000  00000000  0002d675  2**0
                  CONTENTS, READONLY, DEBUGGING, OCTETS
 19 .comment      0000003c  00000000  00000000  0002ec3d  2**0
                  CONTENTS, READONLY
 20 .debug_frame  000005a4  00000000  00000000  0002ec7c  2**2
                  CONTENTS, READONLY, DEBUGGING, OCTETS
 21 .debug_loclists 0000117e  00000000  00000000  0002f220  2**0
                  CONTENTS, READONLY, DEBUGGING, OCTETS
 22 .debug_rnglists 000001f5  00000000  00000000  0003039e  2**0
                  CONTENTS, READONLY, DEBUGGING, OCTETS
 23 .debug_line_str 00000065  00000000  00000000  00030593  2**0
                  CONTENTS, READONLY, DEBUGGING, OCTETS
SYMBOL TABLE:
08000000 l    d  .isr_vector	00000000 .isr_vector
080001a0 l    d  .text	00000000 .text
08001090 l    d  .rodata	00000000 .rodata
08001144 l    d  .ARM.extab	00000000 .ARM.extab
08001144 l    d  .ARM	00000000 .ARM
08001144 l    d  .preinit_array	00000000 .preinit_array
08001144 l    d  .init_array	00000000 .init_array
08001148 l    d  .fini_array	00000000 .fini_array
20000000 l    d  .data	00000000 .data
20000068 l    d  .bss	00000000 .bss
20000498 l    d  ._user_heap_stack	00000000 ._user_heap_stack
00000000 l    d  .ARM.attributes	00000000 .ARM.attributes
00000000 l    d  .debug_info	00000000 .debug_info
00000000 l    d  .debug_abbrev	00000000 .debug_abbrev
00000000 l    d  .debug_loc	00000000 .debug_loc
00000000 l    d  .debug_aranges	00000000 .debug_aranges
00000000 l    d  .debug_ranges	00000000 .debug_ranges
00000000 l    d  .debug_line	00000000 .debug_line
00000000 l    d  .debug_str	00000000 .debug_str
00000000 l    d  .comment	00000000 .comment
00000000 l    d  .debug_frame	00000000 .debug_frame
00000000 l    d  .debug_loclists	00000000 .debug_loclists
00000000 l    d  .debug_rnglists	00000000 .debug_rnglists
00000000 l    d  .debug_line_str	00000000 .debug_line_str
00000000 l    df *ABS*	00000000 startup_stm32f411xe.o
080006f8 l       .text	00000000 LoopCopyDataInit
080006f2 l       .text	00000000 CopyDataInit
0800070a l       .text	00000000 LoopFillZerobss
08000706 l       .text	00000000 FillZerobss
08000734 l       .text	00000000 Infinite_Loop
00000000 l    df *ABS*	00000000 lib_a-strlen.o
00000000 l    df *ABS*	00000000 lib_a-memchr.o
00000000 l    df *ABS*	00000000 crtstuff.c
08001078 l     O .text	00000000 __EH_FRAME_BEGIN__
08000250 l     F .text	00000000 __do_global_dtors_aux
20000068 l     O .bss	00000000 completed.1
08001148 l     O .fini_array	00000000 __do_global_dtors_aux_fini_array_entry
08000274 l     F .text	00000000 frame_dummy
2000006c l     O .bss	00000000 object.0
08001144 l     O .init_array	00000000 __frame_dummy_init_array_entry
00000000 l    df *ABS*	00000000 mcu_echo.c
08000290 l     F .text	0000000e msg_offset
00000000 l    df *ABS*	00000000 uart.c
08000488 l     F .text	00000054 uart_pin_setup
08000568 l     F .text	00000048 uart_enable
00000000 l    df *ABS*	00000000 system_stm32f4xx.c
00000000 l    df *ABS*	00000000 init.c
00000000 l    df *ABS*	00000000 memset.c
00000000 l    df *ABS*	00000000 sprintf.c
00000000 l    df *ABS*	00000000 lock.c
00000000 l    df *ABS*	00000000 nano-vfprintf.c
00000000 l    df *ABS*	00000000 nano-vfprintf_i.c
00000000 l    df *ABS*	00000000 memcpy-stub.c
00000000 l    df *ABS*	00000000 memmove.c
00000000 l    df *ABS*	00000000 nano-mallocr.c
00000000 l    df *ABS*	00000000 nano-mallocr.c
08000e8c l     F .text	00000040 sbrk_aligned
00000000 l    df *ABS*	00000000 nano-mallocr.c
00000000 l    df *ABS*	00000000 sbrkr.c
00000000 l    df *ABS*	00000000 mlock.c
00000000 l    df *ABS*	00000000 nano-mallocr.c
00000000 l    df *ABS*	00000000 sbrk.c
20000494 l     O .bss	00000004 heap_end.0
00000000 l    df *ABS*	00000000 crti.o
00000000 l    df *ABS*	00000000 crtn.o
00000000 l    df *ABS*	00000000 impure.c
20000008 l     O .data	00000060 impure_data
00000000 l    df *ABS*	00000000 reent.c
00000000 l    df *ABS*	00000000 
0800114c l       .fini_array	00000000 __fini_array_end
08001148 l       .fini_array	00000000 __fini_array_start
08001148 l       .init_array	00000000 __init_array_end
08001144 l       .preinit_array	00000000 __preinit_array_end
08001144 l       .init_array	00000000 __init_array_start
08001144 l       .preinit_array	00000000 __preinit_array_start
08000734  w    F .text	00000002 RTC_Alarm_IRQHandler
0800104c g     F .text	00000010 _malloc_usable_size_r
08000734  w    F .text	00000002 EXTI2_IRQHandler
08000734  w    F .text	00000002 DebugMon_Handler
08000734  w    F .text	00000002 SPI4_IRQHandler
08000734  w    F .text	00000002 TIM1_CC_IRQHandler
08000734  w    F .text	00000002 DMA2_Stream5_IRQHandler
08000734  w    F .text	00000002 HardFault_Handler
08000734  w    F .text	00000002 DMA1_Stream5_IRQHandler
08001040 g     F .text	0000000c __malloc_unlock
00000400 g       *ABS*	00000000 _Min_Stack_Size
08000734  w    F .text	00000002 SysTick_Handler
08000734  w    F .text	00000002 PVD_IRQHandler
08000734  w    F .text	00000002 SDIO_IRQHandler
08000dc0 g     F .text	00000034 memmove
08000734  w    F .text	00000002 TAMP_STAMP_IRQHandler
0800114c g       *ABS*	00000000 _sidata
08000734  w    F .text	00000002 PendSV_Handler
08000734  w    F .text	00000002 NMI_Handler
08001144 g       .ARM	00000000 __exidx_end
08000734  w    F .text	00000002 EXTI3_IRQHandler
08000430 g     F .text	00000058 uart_receive
080003d8 g     F .text	00000058 uart_send
08000734  w    F .text	00000002 TIM1_UP_TIM10_IRQHandler
20000490 g     O .bss	00000004 errno
08001090 g       .text	00000000 _etext
20000068 g       .bss	00000000 _sbss
08000734  w    F .text	00000002 I2C3_ER_IRQHandler
08000da4 g     F .text	0000001c memcpy
20000084 g     O .bss	00000400 msg_buffer
08000888 g     F .text	000001fc _svfprintf_r
08000734  w    F .text	00000002 EXTI0_IRQHandler
08000734  w    F .text	00000002 I2C2_EV_IRQHandler
08000734  w    F .text	00000002 DMA1_Stream2_IRQHandler
08000734  w    F .text	00000002 FPU_IRQHandler
20000000 g     O .data	00000004 SystemCoreClock
08000734  w    F .text	00000002 UsageFault_Handler
08000734  w    F .text	00000002 DMA2_Stream2_IRQHandler
20000068 g       .bss	00000000 __bss_start__
20000000 g       .data	00000000 _sdata
08000734  w    F .text	00000002 SPI1_IRQHandler
08001014 g     F .text	00000020 _sbrk_r
08000734  w    F .text	00000002 TIM1_BRK_TIM9_IRQHandler
08001144 g       .ARM	00000000 __exidx_start
08000734  w    F .text	00000002 DMA2_Stream3_IRQHandler
08000fb4 g     F .text	0000005e _realloc_r
08000738 g     F .text	00000048 __libc_init_array
0800105c g     F .text	0000001c _sbrk
08000734  w    F .text	00000002 USART6_IRQHandler
08001078 g     F .text	00000000 _init
20000498 g       .bss	00000000 _ebss
080006e4  w    F .text	00000038 Reset_Handler
20000484 g     O .bss	00000001 __lock___malloc_recursive_mutex
08000734  w    F .text	00000002 DMA2_Stream0_IRQHandler
080004dc g     F .text	00000028 led_on
08000734  w    F .text	00000002 TIM4_IRQHandler
20000498 g       ._user_heap_stack	00000000 end
08000734  w    F .text	00000002 I2C1_EV_IRQHandler
080007d2 g     F .text	00000002 __retarget_lock_release_recursive
08000734  w    F .text	00000002 DMA1_Stream6_IRQHandler
080007d4 g     F .text	000000b4 __ssputs_r
08000734  w    F .text	00000002 DMA1_Stream1_IRQHandler
080005b0 g     F .text	00000012 uart_init
080001b0 g     F .text	00000000 memchr
20000498 g       .bss	00000000 __bss_end__
08000df4 g     F .text	00000098 _free_r
08000734  w    F .text	00000002 TIM3_IRQHandler
08000734  w    F .text	00000002 RCC_IRQHandler
00000200 g       *ABS*	00000000 _Min_Heap_Size
08000734 g       .text	00000002 Default_Handler
08000734  w    F .text	00000002 EXTI15_10_IRQHandler
08000734  w    F .text	00000002 ADC_IRQHandler
08000734  w    F .text	00000002 DMA1_Stream7_IRQHandler
08000734  w    F .text	00000002 SPI5_IRQHandler
08000734  w    F .text	00000002 TIM5_IRQHandler
08000734  w    F .text	00000002 DMA2_Stream7_IRQHandler
08000734  w    F .text	00000002 I2C3_EV_IRQHandler
08000734  w    F .text	00000002 EXTI9_5_IRQHandler
08000734  w    F .text	00000002 RTC_WKUP_IRQHandler
08001034 g     F .text	0000000c __malloc_lock
08000734  w    F .text	00000002 SPI2_IRQHandler
080007d0 g     F .text	00000002 __retarget_lock_acquire_recursive
08000780 g     F .text	00000010 memset
08000734  w    F .text	00000002 MemManage_Handler
080002a0 g     F .text	00000138 main
08000734  w    F .text	00000002 DMA1_Stream0_IRQHandler
08000734  w    F .text	00000002 SVC_Handler
08000ecc g     F .text	000000e8 _malloc_r
08000734  w    F .text	00000002 EXTI4_IRQHandler
080005c4 g     F .text	0000005c SystemInit
08001084 g     F .text	00000000 _fini
08000790 g     F .text	00000040 sprintf
08000504 g     F .text	00000028 led_off
08000a84 g     F .text	000000da _printf_common
20000004 g     O .data	00000004 _impure_ptr
08000888 g     F .text	000001fc _svfiprintf_r
08000734  w    F .text	00000002 WWDG_IRQHandler
08000734  w    F .text	00000002 TIM2_IRQHandler
0800052c g     F .text	0000003c led_init
08000620 g     F .text	000000c4 set_sysclk_to_100
08000734  w    F .text	00000002 OTG_FS_WKUP_IRQHandler
08000734  w    F .text	00000002 TIM1_TRG_COM_TIM11_IRQHandler
20020000 g       .isr_vector	00000000 _estack
08000734  w    F .text	00000002 EXTI1_IRQHandler
20000068 g       .data	00000000 _edata
08000734  w    F .text	00000002 USART2_IRQHandler
08000000 g     O .isr_vector	00000000 g_pfnVectors
08000734  w    F .text	00000002 I2C2_ER_IRQHandler
08000790 g     F .text	00000040 siprintf
08000734  w    F .text	00000002 DMA2_Stream1_IRQHandler
08000734  w    F .text	00000002 FLASH_IRQHandler
08000734  w    F .text	00000002 DMA2_Stream4_IRQHandler
08000734  w    F .text	00000002 BusFault_Handler
08000734  w    F .text	00000002 USART1_IRQHandler
080001a0 g     F .text	00000010 strlen
08000734  w    F .text	00000002 OTG_FS_IRQHandler
08000b60 g     F .text	00000244 _printf_i
08000734  w    F .text	00000002 SPI3_IRQHandler
08000734  w    F .text	00000002 DMA1_Stream4_IRQHandler
2000048c g     O .bss	00000004 __malloc_sbrk_start
08000734  w    F .text	00000002 I2C1_ER_IRQHandler
20000488 g     O .bss	00000004 __malloc_free_list
08000734  w    F .text	00000002 DMA2_Stream6_IRQHandler
08000734  w    F .text	00000002 DMA1_Stream3_IRQHandler



Disassembly of section .text:

080001a0 <strlen>:
 80001a0:	4603      	mov	r3, r0
 80001a2:	f813 2b01 	ldrb.w	r2, [r3], #1
 80001a6:	2a00      	cmp	r2, #0
 80001a8:	d1fb      	bne.n	80001a2 <strlen+0x2>
 80001aa:	1a18      	subs	r0, r3, r0
 80001ac:	3801      	subs	r0, #1
 80001ae:	4770      	bx	lr

080001b0 <memchr>:
 80001b0:	f001 01ff 	and.w	r1, r1, #255	; 0xff
 80001b4:	2a10      	cmp	r2, #16
 80001b6:	db2b      	blt.n	8000210 <memchr+0x60>
 80001b8:	f010 0f07 	tst.w	r0, #7
 80001bc:	d008      	beq.n	80001d0 <memchr+0x20>
 80001be:	f810 3b01 	ldrb.w	r3, [r0], #1
 80001c2:	3a01      	subs	r2, #1
 80001c4:	428b      	cmp	r3, r1
 80001c6:	d02d      	beq.n	8000224 <memchr+0x74>
 80001c8:	f010 0f07 	tst.w	r0, #7
 80001cc:	b342      	cbz	r2, 8000220 <memchr+0x70>
 80001ce:	d1f6      	bne.n	80001be <memchr+0xe>
 80001d0:	b4f0      	push	{r4, r5, r6, r7}
 80001d2:	ea41 2101 	orr.w	r1, r1, r1, lsl #8
 80001d6:	ea41 4101 	orr.w	r1, r1, r1, lsl #16
 80001da:	f022 0407 	bic.w	r4, r2, #7
 80001de:	f07f 0700 	mvns.w	r7, #0
 80001e2:	2300      	movs	r3, #0
 80001e4:	e8f0 5602 	ldrd	r5, r6, [r0], #8
 80001e8:	3c08      	subs	r4, #8
 80001ea:	ea85 0501 	eor.w	r5, r5, r1
 80001ee:	ea86 0601 	eor.w	r6, r6, r1
 80001f2:	fa85 f547 	uadd8	r5, r5, r7
 80001f6:	faa3 f587 	sel	r5, r3, r7
 80001fa:	fa86 f647 	uadd8	r6, r6, r7
 80001fe:	faa5 f687 	sel	r6, r5, r7
 8000202:	b98e      	cbnz	r6, 8000228 <memchr+0x78>
 8000204:	d1ee      	bne.n	80001e4 <memchr+0x34>
 8000206:	bcf0      	pop	{r4, r5, r6, r7}
 8000208:	f001 01ff 	and.w	r1, r1, #255	; 0xff
 800020c:	f002 0207 	and.w	r2, r2, #7
 8000210:	b132      	cbz	r2, 8000220 <memchr+0x70>
 8000212:	f810 3b01 	ldrb.w	r3, [r0], #1
 8000216:	3a01      	subs	r2, #1
 8000218:	ea83 0301 	eor.w	r3, r3, r1
 800021c:	b113      	cbz	r3, 8000224 <memchr+0x74>
 800021e:	d1f8      	bne.n	8000212 <memchr+0x62>
 8000220:	2000      	movs	r0, #0
 8000222:	4770      	bx	lr
 8000224:	3801      	subs	r0, #1
 8000226:	4770      	bx	lr
 8000228:	2d00      	cmp	r5, #0
 800022a:	bf06      	itte	eq
 800022c:	4635      	moveq	r5, r6
 800022e:	3803      	subeq	r0, #3
 8000230:	3807      	subne	r0, #7
 8000232:	f015 0f01 	tst.w	r5, #1
 8000236:	d107      	bne.n	8000248 <memchr+0x98>
 8000238:	3001      	adds	r0, #1
 800023a:	f415 7f80 	tst.w	r5, #256	; 0x100
 800023e:	bf02      	ittt	eq
 8000240:	3001      	addeq	r0, #1
 8000242:	f415 3fc0 	tsteq.w	r5, #98304	; 0x18000
 8000246:	3001      	addeq	r0, #1
 8000248:	bcf0      	pop	{r4, r5, r6, r7}
 800024a:	3801      	subs	r0, #1
 800024c:	4770      	bx	lr
 800024e:	bf00      	nop

08000250 <__do_global_dtors_aux>:
 8000250:	b510      	push	{r4, lr}
 8000252:	4c05      	ldr	r4, [pc, #20]	; (8000268 <__do_global_dtors_aux+0x18>)
 8000254:	7823      	ldrb	r3, [r4, #0]
 8000256:	b933      	cbnz	r3, 8000266 <__do_global_dtors_aux+0x16>
 8000258:	4b04      	ldr	r3, [pc, #16]	; (800026c <__do_global_dtors_aux+0x1c>)
 800025a:	b113      	cbz	r3, 8000262 <__do_global_dtors_aux+0x12>
 800025c:	4804      	ldr	r0, [pc, #16]	; (8000270 <__do_global_dtors_aux+0x20>)
 800025e:	f3af 8000 	nop.w
 8000262:	2301      	movs	r3, #1
 8000264:	7023      	strb	r3, [r4, #0]
 8000266:	bd10      	pop	{r4, pc}
 8000268:	20000068 	.word	0x20000068
 800026c:	00000000 	.word	0x00000000
 8000270:	08001078 	.word	0x08001078

08000274 <frame_dummy>:
 8000274:	b508      	push	{r3, lr}
 8000276:	4b03      	ldr	r3, [pc, #12]	; (8000284 <frame_dummy+0x10>)
 8000278:	b11b      	cbz	r3, 8000282 <frame_dummy+0xe>
 800027a:	4903      	ldr	r1, [pc, #12]	; (8000288 <frame_dummy+0x14>)
 800027c:	4803      	ldr	r0, [pc, #12]	; (800028c <frame_dummy+0x18>)
 800027e:	f3af 8000 	nop.w
 8000282:	bd08      	pop	{r3, pc}
 8000284:	00000000 	.word	0x00000000
 8000288:	2000006c 	.word	0x2000006c
 800028c:	08001078 	.word	0x08001078

08000290 <msg_offset>:

#define READSIZE(buffer) *(size_t *)buffer
#define PADDINGSIZE 4

// Returns pointer to msg without padding
static char * msg_offset(char * msg) {
 8000290:	b082      	sub	sp, #8
 8000292:	9001      	str	r0, [sp, #4]
	return msg + PADDINGSIZE;
 8000294:	9b01      	ldr	r3, [sp, #4]
 8000296:	3304      	adds	r3, #4
}
 8000298:	4618      	mov	r0, r3
 800029a:	b002      	add	sp, #8
 800029c:	4770      	bx	lr
	...

080002a0 <main>:

int main(void) {
 80002a0:	b500      	push	{lr}
 80002a2:	f2ad 4d0c 	subw	sp, sp, #1036	; 0x40c
	char debug_msg[BUFFER_SIZE] = {0};
 80002a6:	f50d 6381 	add.w	r3, sp, #1032	; 0x408
 80002aa:	f5a3 6381 	sub.w	r3, r3, #1032	; 0x408
 80002ae:	2200      	movs	r2, #0
 80002b0:	601a      	str	r2, [r3, #0]
 80002b2:	3304      	adds	r3, #4
 80002b4:	f44f 727f 	mov.w	r2, #1020	; 0x3fc
 80002b8:	2100      	movs	r1, #0
 80002ba:	4618      	mov	r0, r3
 80002bc:	f000 fa60 	bl	8000780 <memset>
	char * stripped_msg;
	size_t received_size=0;
 80002c0:	2300      	movs	r3, #0
 80002c2:	f8cd 3400 	str.w	r3, [sp, #1024]	; 0x400

	uart_init();
 80002c6:	f000 f973 	bl	80005b0 <uart_init>
	led_init();
 80002ca:	f000 f92f 	bl	800052c <led_init>

	while(1) {
		// Read received buffer size
		led_on(GREEN);
 80002ce:	200c      	movs	r0, #12
 80002d0:	f000 f904 	bl	80004dc <led_on>
		uart_receive(msg_buffer, sizeof(size_t));
 80002d4:	2104      	movs	r1, #4
 80002d6:	483c      	ldr	r0, [pc, #240]	; (80003c8 <main+0x128>)
 80002d8:	f000 f8aa 	bl	8000430 <uart_receive>
		received_size = READSIZE(msg_buffer) + PADDINGSIZE;
 80002dc:	4b3a      	ldr	r3, [pc, #232]	; (80003c8 <main+0x128>)
 80002de:	681b      	ldr	r3, [r3, #0]
 80002e0:	3304      	adds	r3, #4
 80002e2:	f8cd 3400 	str.w	r3, [sp, #1024]	; 0x400
		memset(msg_buffer, 0, sizeof(size_t));
 80002e6:	2204      	movs	r2, #4
 80002e8:	2100      	movs	r1, #0
 80002ea:	4837      	ldr	r0, [pc, #220]	; (80003c8 <main+0x128>)
 80002ec:	f000 fa48 	bl	8000780 <memset>
		led_off(GREEN);
 80002f0:	200c      	movs	r0, #12
 80002f2:	f000 f907 	bl	8000504 <led_off>

		// Send back buffer content
		if (received_size > BUFFER_SIZE) {
 80002f6:	f8dd 3400 	ldr.w	r3, [sp, #1024]	; 0x400
 80002fa:	f5b3 6f80 	cmp.w	r3, #1024	; 0x400
 80002fe:	d918      	bls.n	8000332 <main+0x92>
			led_on(ORANGE);
 8000300:	200d      	movs	r0, #13
 8000302:	f000 f8eb 	bl	80004dc <led_on>
			// Message too large
			sprintf(debug_msg, "Attempting to read %u bytes larger than buffer size %d.\n", (unsigned int)received_size, BUFFER_SIZE);
 8000306:	4668      	mov	r0, sp
 8000308:	f44f 6380 	mov.w	r3, #1024	; 0x400
 800030c:	f8dd 2400 	ldr.w	r2, [sp, #1024]	; 0x400
 8000310:	492e      	ldr	r1, [pc, #184]	; (80003cc <main+0x12c>)
 8000312:	f000 fa3d 	bl	8000790 <siprintf>
			uart_send(debug_msg, strlen(debug_msg));
 8000316:	466b      	mov	r3, sp
 8000318:	4618      	mov	r0, r3
 800031a:	f7ff ff41 	bl	80001a0 <strlen>
 800031e:	4602      	mov	r2, r0
 8000320:	466b      	mov	r3, sp
 8000322:	4611      	mov	r1, r2
 8000324:	4618      	mov	r0, r3
 8000326:	f000 f857 	bl	80003d8 <uart_send>
			led_off(ORANGE);
 800032a:	200d      	movs	r0, #13
 800032c:	f000 f8ea 	bl	8000504 <led_off>
 8000330:	e7cd      	b.n	80002ce <main+0x2e>
			/*
			sprintf(debug_msg, "Reading data.\n");
			uart_send(debug_msg, strlen(debug_msg));
			*/

			led_on(RED);
 8000332:	200e      	movs	r0, #14
 8000334:	f000 f8d2 	bl	80004dc <led_on>
			// Zero out buffer and read message
			memset(msg_buffer, 0, sizeof(size_t));
 8000338:	2204      	movs	r2, #4
 800033a:	2100      	movs	r1, #0
 800033c:	4822      	ldr	r0, [pc, #136]	; (80003c8 <main+0x128>)
 800033e:	f000 fa1f 	bl	8000780 <memset>
			uart_receive(msg_buffer, received_size);
 8000342:	f8dd 1400 	ldr.w	r1, [sp, #1024]	; 0x400
 8000346:	4820      	ldr	r0, [pc, #128]	; (80003c8 <main+0x128>)
 8000348:	f000 f872 	bl	8000430 <uart_receive>
			led_off(RED);
 800034c:	200e      	movs	r0, #14
 800034e:	f000 f8d9 	bl	8000504 <led_off>

			sprintf(debug_msg, "Received %u bytes with %d bytes of padding.\n", (unsigned int)received_size, PADDINGSIZE);
 8000352:	4668      	mov	r0, sp
 8000354:	2304      	movs	r3, #4
 8000356:	f8dd 2400 	ldr.w	r2, [sp, #1024]	; 0x400
 800035a:	491d      	ldr	r1, [pc, #116]	; (80003d0 <main+0x130>)
 800035c:	f000 fa18 	bl	8000790 <siprintf>
			uart_send(debug_msg, strlen(debug_msg));
 8000360:	466b      	mov	r3, sp
 8000362:	4618      	mov	r0, r3
 8000364:	f7ff ff1c 	bl	80001a0 <strlen>
 8000368:	4602      	mov	r2, r0
 800036a:	466b      	mov	r3, sp
 800036c:	4611      	mov	r1, r2
 800036e:	4618      	mov	r0, r3
 8000370:	f000 f832 	bl	80003d8 <uart_send>


			// Echo message
			led_on(BLUE);
 8000374:	200f      	movs	r0, #15
 8000376:	f000 f8b1 	bl	80004dc <led_on>
			sprintf(debug_msg, "Sending %u bytes.\n", (unsigned int)strlen(stripped_msg));
 800037a:	f8dd 0404 	ldr.w	r0, [sp, #1028]	; 0x404
 800037e:	f7ff ff0f 	bl	80001a0 <strlen>
 8000382:	4602      	mov	r2, r0
 8000384:	466b      	mov	r3, sp
 8000386:	4913      	ldr	r1, [pc, #76]	; (80003d4 <main+0x134>)
 8000388:	4618      	mov	r0, r3
 800038a:	f000 fa01 	bl	8000790 <siprintf>
			stripped_msg = msg_offset(msg_buffer);
 800038e:	480e      	ldr	r0, [pc, #56]	; (80003c8 <main+0x128>)
 8000390:	f7ff ff7e 	bl	8000290 <msg_offset>
 8000394:	f8cd 0404 	str.w	r0, [sp, #1028]	; 0x404
			uart_send(stripped_msg, strlen(stripped_msg));
 8000398:	f8dd 0404 	ldr.w	r0, [sp, #1028]	; 0x404
 800039c:	f7ff ff00 	bl	80001a0 <strlen>
 80003a0:	4603      	mov	r3, r0
 80003a2:	4619      	mov	r1, r3
 80003a4:	f8dd 0404 	ldr.w	r0, [sp, #1028]	; 0x404
 80003a8:	f000 f816 	bl	80003d8 <uart_send>
			memset(msg_buffer, 0, strlen(stripped_msg));
 80003ac:	f8dd 0404 	ldr.w	r0, [sp, #1028]	; 0x404
 80003b0:	f7ff fef6 	bl	80001a0 <strlen>
 80003b4:	4603      	mov	r3, r0
 80003b6:	461a      	mov	r2, r3
 80003b8:	2100      	movs	r1, #0
 80003ba:	4803      	ldr	r0, [pc, #12]	; (80003c8 <main+0x128>)
 80003bc:	f000 f9e0 	bl	8000780 <memset>
			led_off(BLUE);
 80003c0:	200f      	movs	r0, #15
 80003c2:	f000 f89f 	bl	8000504 <led_off>
		led_on(GREEN);
 80003c6:	e782      	b.n	80002ce <main+0x2e>
 80003c8:	20000084 	.word	0x20000084
 80003cc:	08001090 	.word	0x08001090
 80003d0:	080010cc 	.word	0x080010cc
 80003d4:	080010fc 	.word	0x080010fc

080003d8 <uart_send>:
#include "uart.h"

char msg_buffer[BUFFER_SIZE] = {0};

// Send content of pointer through uart
void uart_send(void * data, size_t size) {
 80003d8:	b084      	sub	sp, #16
 80003da:	9001      	str	r0, [sp, #4]
 80003dc:	9100      	str	r1, [sp, #0]
    // USART2 TX enable, TE bit 3
    USART2->CR1 |= (1 << 3);
 80003de:	4b13      	ldr	r3, [pc, #76]	; (800042c <uart_send+0x54>)
 80003e0:	68db      	ldr	r3, [r3, #12]
 80003e2:	4a12      	ldr	r2, [pc, #72]	; (800042c <uart_send+0x54>)
 80003e4:	f043 0308 	orr.w	r3, r3, #8
 80003e8:	60d3      	str	r3, [r2, #12]

	for (size_t i=0; i<size; i++){
 80003ea:	2300      	movs	r3, #0
 80003ec:	9303      	str	r3, [sp, #12]
 80003ee:	e00f      	b.n	8000410 <uart_send+0x38>
		// Send character
		USART2->DR = ((char *)data)[i];
 80003f0:	9a01      	ldr	r2, [sp, #4]
 80003f2:	9b03      	ldr	r3, [sp, #12]
 80003f4:	4413      	add	r3, r2
 80003f6:	781a      	ldrb	r2, [r3, #0]
 80003f8:	4b0c      	ldr	r3, [pc, #48]	; (800042c <uart_send+0x54>)
 80003fa:	605a      	str	r2, [r3, #4]
		// Wait for transmit complete
		while(!(USART2->SR & (1 << 6)));
 80003fc:	bf00      	nop
 80003fe:	4b0b      	ldr	r3, [pc, #44]	; (800042c <uart_send+0x54>)
 8000400:	681b      	ldr	r3, [r3, #0]
 8000402:	f003 0340 	and.w	r3, r3, #64	; 0x40
 8000406:	2b00      	cmp	r3, #0
 8000408:	d0f9      	beq.n	80003fe <uart_send+0x26>
	for (size_t i=0; i<size; i++){
 800040a:	9b03      	ldr	r3, [sp, #12]
 800040c:	3301      	adds	r3, #1
 800040e:	9303      	str	r3, [sp, #12]
 8000410:	9a03      	ldr	r2, [sp, #12]
 8000412:	9b00      	ldr	r3, [sp, #0]
 8000414:	429a      	cmp	r2, r3
 8000416:	d3eb      	bcc.n	80003f0 <uart_send+0x18>
	}

    // USART2 TX disable, TE bit 3
    USART2->CR1 &= ~(1 << 3);
 8000418:	4b04      	ldr	r3, [pc, #16]	; (800042c <uart_send+0x54>)
 800041a:	68db      	ldr	r3, [r3, #12]
 800041c:	4a03      	ldr	r2, [pc, #12]	; (800042c <uart_send+0x54>)
 800041e:	f023 0308 	bic.w	r3, r3, #8
 8000422:	60d3      	str	r3, [r2, #12]
}
 8000424:	bf00      	nop
 8000426:	b004      	add	sp, #16
 8000428:	4770      	bx	lr
 800042a:	bf00      	nop
 800042c:	40004400 	.word	0x40004400

08000430 <uart_receive>:

// Receive size bytes of content from uart and write it to buffer
void uart_receive(void * buffer, size_t size)  {
 8000430:	b084      	sub	sp, #16
 8000432:	9001      	str	r0, [sp, #4]
 8000434:	9100      	str	r1, [sp, #0]
	// USART CR2 configure stop bit count, default 1
	// USART2->CR2 &= ~(0x3U << 12);
	// USART2->CR2 != (0x0U << 12);
	
	// Set RE bit to 1
	USART2->CR2 |= (0x1U << 2);
 8000436:	4b13      	ldr	r3, [pc, #76]	; (8000484 <uart_receive+0x54>)
 8000438:	691b      	ldr	r3, [r3, #16]
 800043a:	4a12      	ldr	r2, [pc, #72]	; (8000484 <uart_receive+0x54>)
 800043c:	f043 0304 	orr.w	r3, r3, #4
 8000440:	6113      	str	r3, [r2, #16]

	for (size_t i=0; i < size; i++) {
 8000442:	2300      	movs	r3, #0
 8000444:	9303      	str	r3, [sp, #12]
 8000446:	e010      	b.n	800046a <uart_receive+0x3a>
		// Wait until RXNE bit is set
		while (!(USART2->SR & (0x1U << 5))){};
 8000448:	bf00      	nop
 800044a:	4b0e      	ldr	r3, [pc, #56]	; (8000484 <uart_receive+0x54>)
 800044c:	681b      	ldr	r3, [r3, #0]
 800044e:	f003 0320 	and.w	r3, r3, #32
 8000452:	2b00      	cmp	r3, #0
 8000454:	d0f9      	beq.n	800044a <uart_receive+0x1a>
		// Receive character
		((char *)buffer)[i] = USART2->DR;
 8000456:	4b0b      	ldr	r3, [pc, #44]	; (8000484 <uart_receive+0x54>)
 8000458:	6859      	ldr	r1, [r3, #4]
 800045a:	9a01      	ldr	r2, [sp, #4]
 800045c:	9b03      	ldr	r3, [sp, #12]
 800045e:	4413      	add	r3, r2
 8000460:	b2ca      	uxtb	r2, r1
 8000462:	701a      	strb	r2, [r3, #0]
	for (size_t i=0; i < size; i++) {
 8000464:	9b03      	ldr	r3, [sp, #12]
 8000466:	3301      	adds	r3, #1
 8000468:	9303      	str	r3, [sp, #12]
 800046a:	9a03      	ldr	r2, [sp, #12]
 800046c:	9b00      	ldr	r3, [sp, #0]
 800046e:	429a      	cmp	r2, r3
 8000470:	d3ea      	bcc.n	8000448 <uart_receive+0x18>
	}

	// Reset RE bit to 0
	USART2->CR2 &= ~(0x1U << 2);
 8000472:	4b04      	ldr	r3, [pc, #16]	; (8000484 <uart_receive+0x54>)
 8000474:	691b      	ldr	r3, [r3, #16]
 8000476:	4a03      	ldr	r2, [pc, #12]	; (8000484 <uart_receive+0x54>)
 8000478:	f023 0304 	bic.w	r3, r3, #4
 800047c:	6113      	str	r3, [r2, #16]
}
 800047e:	bf00      	nop
 8000480:	b004      	add	sp, #16
 8000482:	4770      	bx	lr
 8000484:	40004400 	.word	0x40004400

08000488 <uart_pin_setup>:

// Setup GPIO A2 and A3 pins for UART
static void uart_pin_setup(void) {
    // enable GPIOA clock, bit 0 on AHB1ENR
    RCC->AHB1ENR |= (1 << 0);
 8000488:	4b12      	ldr	r3, [pc, #72]	; (80004d4 <uart_pin_setup+0x4c>)
 800048a:	6b1b      	ldr	r3, [r3, #48]	; 0x30
 800048c:	4a11      	ldr	r2, [pc, #68]	; (80004d4 <uart_pin_setup+0x4c>)
 800048e:	f043 0301 	orr.w	r3, r3, #1
 8000492:	6313      	str	r3, [r2, #48]	; 0x30

    // set pin modes as alternate mode 7 (pins 2 and 3)
    // USART2 TX and RX pins are PA2 and PA3 respectively
    GPIOA->MODER &= ~(0xFU << 4); // Reset bits 4:5 for PA2 and 6:7 for PA3
 8000494:	4b10      	ldr	r3, [pc, #64]	; (80004d8 <uart_pin_setup+0x50>)
 8000496:	681b      	ldr	r3, [r3, #0]
 8000498:	4a0f      	ldr	r2, [pc, #60]	; (80004d8 <uart_pin_setup+0x50>)
 800049a:	f023 03f0 	bic.w	r3, r3, #240	; 0xf0
 800049e:	6013      	str	r3, [r2, #0]
    GPIOA->MODER |=  (0xAU << 4); // Set   bits 4:5 for PA2 and 6:7 for PA3 to alternate mode (10)
 80004a0:	4b0d      	ldr	r3, [pc, #52]	; (80004d8 <uart_pin_setup+0x50>)
 80004a2:	681b      	ldr	r3, [r3, #0]
 80004a4:	4a0c      	ldr	r2, [pc, #48]	; (80004d8 <uart_pin_setup+0x50>)
 80004a6:	f043 03a0 	orr.w	r3, r3, #160	; 0xa0
 80004aa:	6013      	str	r3, [r2, #0]

    // set pin modes as high speed
    GPIOA->OSPEEDR |= 0x000000A0; // Set pin 2/3 to high speed mode (0b10)
 80004ac:	4b0a      	ldr	r3, [pc, #40]	; (80004d8 <uart_pin_setup+0x50>)
 80004ae:	689b      	ldr	r3, [r3, #8]
 80004b0:	4a09      	ldr	r2, [pc, #36]	; (80004d8 <uart_pin_setup+0x50>)
 80004b2:	f043 03a0 	orr.w	r3, r3, #160	; 0xa0
 80004b6:	6093      	str	r3, [r2, #8]

    // choose AF7 for USART2 in Alternate Function registers
    GPIOA->AFR[0] |= (0x7 << 8); // for pin A2
 80004b8:	4b07      	ldr	r3, [pc, #28]	; (80004d8 <uart_pin_setup+0x50>)
 80004ba:	6a1b      	ldr	r3, [r3, #32]
 80004bc:	4a06      	ldr	r2, [pc, #24]	; (80004d8 <uart_pin_setup+0x50>)
 80004be:	f443 63e0 	orr.w	r3, r3, #1792	; 0x700
 80004c2:	6213      	str	r3, [r2, #32]
    GPIOA->AFR[0] |= (0x7 << 12); // for pin A3
 80004c4:	4b04      	ldr	r3, [pc, #16]	; (80004d8 <uart_pin_setup+0x50>)
 80004c6:	6a1b      	ldr	r3, [r3, #32]
 80004c8:	4a03      	ldr	r2, [pc, #12]	; (80004d8 <uart_pin_setup+0x50>)
 80004ca:	f443 43e0 	orr.w	r3, r3, #28672	; 0x7000
 80004ce:	6213      	str	r3, [r2, #32]
}
 80004d0:	bf00      	nop
 80004d2:	4770      	bx	lr
 80004d4:	40023800 	.word	0x40023800
 80004d8:	40020000 	.word	0x40020000

080004dc <led_on>:

// Turn on LED
void led_on(led l) {
 80004dc:	b082      	sub	sp, #8
 80004de:	4603      	mov	r3, r0
 80004e0:	f88d 3007 	strb.w	r3, [sp, #7]
	GPIOD->ODR |= (1U<<l);
 80004e4:	4b06      	ldr	r3, [pc, #24]	; (8000500 <led_on+0x24>)
 80004e6:	695a      	ldr	r2, [r3, #20]
 80004e8:	f89d 3007 	ldrb.w	r3, [sp, #7]
 80004ec:	2101      	movs	r1, #1
 80004ee:	fa01 f303 	lsl.w	r3, r1, r3
 80004f2:	4903      	ldr	r1, [pc, #12]	; (8000500 <led_on+0x24>)
 80004f4:	4313      	orrs	r3, r2
 80004f6:	614b      	str	r3, [r1, #20]
}
 80004f8:	bf00      	nop
 80004fa:	b002      	add	sp, #8
 80004fc:	4770      	bx	lr
 80004fe:	bf00      	nop
 8000500:	40020c00 	.word	0x40020c00

08000504 <led_off>:

// Turn off LED
void led_off(led l) {
 8000504:	b082      	sub	sp, #8
 8000506:	4603      	mov	r3, r0
 8000508:	f88d 3007 	strb.w	r3, [sp, #7]
	GPIOD->ODR &= ~(1U<<l);
 800050c:	4b06      	ldr	r3, [pc, #24]	; (8000528 <led_off+0x24>)
 800050e:	695a      	ldr	r2, [r3, #20]
 8000510:	f89d 3007 	ldrb.w	r3, [sp, #7]
 8000514:	2101      	movs	r1, #1
 8000516:	fa01 f303 	lsl.w	r3, r1, r3
 800051a:	43db      	mvns	r3, r3
 800051c:	4902      	ldr	r1, [pc, #8]	; (8000528 <led_off+0x24>)
 800051e:	4013      	ands	r3, r2
 8000520:	614b      	str	r3, [r1, #20]
}
 8000522:	bf00      	nop
 8000524:	b002      	add	sp, #8
 8000526:	4770      	bx	lr
 8000528:	40020c00 	.word	0x40020c00

0800052c <led_init>:
}

// Setup LED GPIO
void led_init(void) {
	// Enable GPIOD clock
	RCC->AHB1ENR |= 0x00000008;
 800052c:	4b0c      	ldr	r3, [pc, #48]	; (8000560 <led_init+0x34>)
 800052e:	6b1b      	ldr	r3, [r3, #48]	; 0x30
 8000530:	4a0b      	ldr	r2, [pc, #44]	; (8000560 <led_init+0x34>)
 8000532:	f043 0308 	orr.w	r3, r3, #8
 8000536:	6313      	str	r3, [r2, #48]	; 0x30

	// Turn on output mode
	GPIOD->MODER &= 0x00FFFFFF;
 8000538:	4b0a      	ldr	r3, [pc, #40]	; (8000564 <led_init+0x38>)
 800053a:	681b      	ldr	r3, [r3, #0]
 800053c:	4a09      	ldr	r2, [pc, #36]	; (8000564 <led_init+0x38>)
 800053e:	f023 437f 	bic.w	r3, r3, #4278190080	; 0xff000000
 8000542:	6013      	str	r3, [r2, #0]
	GPIOD->MODER |= 0x55000000;
 8000544:	4b07      	ldr	r3, [pc, #28]	; (8000564 <led_init+0x38>)
 8000546:	681b      	ldr	r3, [r3, #0]
 8000548:	4a06      	ldr	r2, [pc, #24]	; (8000564 <led_init+0x38>)
 800054a:	f043 43aa 	orr.w	r3, r3, #1426063360	; 0x55000000
 800054e:	6013      	str	r3, [r2, #0]

	// Turn off LEDs
	GPIOD->ODR &= 0x0FFF;
 8000550:	4b04      	ldr	r3, [pc, #16]	; (8000564 <led_init+0x38>)
 8000552:	695b      	ldr	r3, [r3, #20]
 8000554:	4a03      	ldr	r2, [pc, #12]	; (8000564 <led_init+0x38>)
 8000556:	f3c3 030b 	ubfx	r3, r3, #0, #12
 800055a:	6153      	str	r3, [r2, #20]
}
 800055c:	bf00      	nop
 800055e:	4770      	bx	lr
 8000560:	40023800 	.word	0x40023800
 8000564:	40020c00 	.word	0x40020c00

08000568 <uart_enable>:

// Initialize UART 2
static void uart_enable(void) {
    // enable USART2 clock, bit 17 on APB1ENR
    RCC->APB1ENR |= (1 << 17);
 8000568:	4b0f      	ldr	r3, [pc, #60]	; (80005a8 <uart_enable+0x40>)
 800056a:	6c1b      	ldr	r3, [r3, #64]	; 0x40
 800056c:	4a0e      	ldr	r2, [pc, #56]	; (80005a8 <uart_enable+0x40>)
 800056e:	f443 3300 	orr.w	r3, r3, #131072	; 0x20000
 8000572:	6413      	str	r3, [r2, #64]	; 0x40

    // USART2 parity control, bit 9
    //USART2->CR1 |= (0 << 9); // 0 - no parity

    // USART2 RX enable, RE bit 2
    USART2->CR1 |= (1 << 2);
 8000574:	4b0d      	ldr	r3, [pc, #52]	; (80005ac <uart_enable+0x44>)
 8000576:	68db      	ldr	r3, [r3, #12]
 8000578:	4a0c      	ldr	r2, [pc, #48]	; (80005ac <uart_enable+0x44>)
 800057a:	f043 0304 	orr.w	r3, r3, #4
 800057e:	60d3      	str	r3, [r2, #12]

    // enable usart2 - UE, bit 13
    USART2->CR1 |= (1 << 13);
 8000580:	4b0a      	ldr	r3, [pc, #40]	; (80005ac <uart_enable+0x44>)
 8000582:	68db      	ldr	r3, [r3, #12]
 8000584:	4a09      	ldr	r2, [pc, #36]	; (80005ac <uart_enable+0x44>)
 8000586:	f443 5300 	orr.w	r3, r3, #8192	; 0x2000
 800058a:	60d3      	str	r3, [r2, #12]
    // 12-bit mantissa and 4-bit fraction
	// For STM32F411: 15Mhz Pclk (Sysclk/4)
	// USARTDIV = 25Mhz / 115200 / 16 = 13.5633
	// Fraction: 0.5633*16 = 9
	// Mantissa: 13
    USART2->BRR |= (13 << 4); // Mantissa
 800058c:	4b07      	ldr	r3, [pc, #28]	; (80005ac <uart_enable+0x44>)
 800058e:	689b      	ldr	r3, [r3, #8]
 8000590:	4a06      	ldr	r2, [pc, #24]	; (80005ac <uart_enable+0x44>)
 8000592:	f043 03d0 	orr.w	r3, r3, #208	; 0xd0
 8000596:	6093      	str	r3, [r2, #8]
    USART2->BRR |= 9; // Fraction
 8000598:	4b04      	ldr	r3, [pc, #16]	; (80005ac <uart_enable+0x44>)
 800059a:	689b      	ldr	r3, [r3, #8]
 800059c:	4a03      	ldr	r2, [pc, #12]	; (80005ac <uart_enable+0x44>)
 800059e:	f043 0309 	orr.w	r3, r3, #9
 80005a2:	6093      	str	r3, [r2, #8]
}	
 80005a4:	bf00      	nop
 80005a6:	4770      	bx	lr
 80005a8:	40023800 	.word	0x40023800
 80005ac:	40004400 	.word	0x40004400

080005b0 <uart_init>:

void uart_init(void)
{
 80005b0:	b508      	push	{r3, lr}
    /* set system clock to 100 Mhz */
    set_sysclk_to_100();
 80005b2:	f000 f835 	bl	8000620 <set_sysclk_to_100>

	uart_pin_setup();
 80005b6:	f7ff ff67 	bl	8000488 <uart_pin_setup>
	uart_enable();
 80005ba:	f7ff ffd5 	bl	8000568 <uart_enable>
}
 80005be:	bf00      	nop
 80005c0:	bd08      	pop	{r3, pc}
	...

080005c4 <SystemInit>:
*************************************************/
void SystemInit(void)
{
	/* FPU settings, can be enabled from project makefile */
	#if (__FPU_PRESENT == 1) && (__FPU_USED == 1)
	SCB->CPACR |= ((3UL << 10*2)|(3UL << 11*2));  /* set CP10 and CP11 Full Access */
 80005c4:	4b13      	ldr	r3, [pc, #76]	; (8000614 <SystemInit+0x50>)
 80005c6:	f8d3 3088 	ldr.w	r3, [r3, #136]	; 0x88
 80005ca:	4a12      	ldr	r2, [pc, #72]	; (8000614 <SystemInit+0x50>)
 80005cc:	f443 0370 	orr.w	r3, r3, #15728640	; 0xf00000
 80005d0:	f8c2 3088 	str.w	r3, [r2, #136]	; 0x88
	#endif

	/* Reset the RCC clock configuration to the default reset state */
	/* Set HSION bit */
	RCC->CR |= (1U << 0);
 80005d4:	4b10      	ldr	r3, [pc, #64]	; (8000618 <SystemInit+0x54>)
 80005d6:	681b      	ldr	r3, [r3, #0]
 80005d8:	4a0f      	ldr	r2, [pc, #60]	; (8000618 <SystemInit+0x54>)
 80005da:	f043 0301 	orr.w	r3, r3, #1
 80005de:	6013      	str	r3, [r2, #0]

	/* Reset CFGR register */
	RCC->CFGR = 0x00000000;
 80005e0:	4b0d      	ldr	r3, [pc, #52]	; (8000618 <SystemInit+0x54>)
 80005e2:	2200      	movs	r2, #0
 80005e4:	609a      	str	r2, [r3, #8]

	/* Reset HSEON (16), CSSON (19) and PLLON (24) bits */
	RCC->CR &= ~((1U << 16) | (1U << 19) | (1U << 24));
 80005e6:	4b0c      	ldr	r3, [pc, #48]	; (8000618 <SystemInit+0x54>)
 80005e8:	681b      	ldr	r3, [r3, #0]
 80005ea:	4a0b      	ldr	r2, [pc, #44]	; (8000618 <SystemInit+0x54>)
 80005ec:	f023 7384 	bic.w	r3, r3, #17301504	; 0x1080000
 80005f0:	f423 3380 	bic.w	r3, r3, #65536	; 0x10000
 80005f4:	6013      	str	r3, [r2, #0]

	/* Reset PLLCFGR register to reset value */
	RCC->PLLCFGR = 0x24003010UL;
 80005f6:	4b08      	ldr	r3, [pc, #32]	; (8000618 <SystemInit+0x54>)
 80005f8:	4a08      	ldr	r2, [pc, #32]	; (800061c <SystemInit+0x58>)
 80005fa:	605a      	str	r2, [r3, #4]

	/* Reset HSEBYP bit */
	RCC->CR &= ~(1U << 18);
 80005fc:	4b06      	ldr	r3, [pc, #24]	; (8000618 <SystemInit+0x54>)
 80005fe:	681b      	ldr	r3, [r3, #0]
 8000600:	4a05      	ldr	r2, [pc, #20]	; (8000618 <SystemInit+0x54>)
 8000602:	f423 2380 	bic.w	r3, r3, #262144	; 0x40000
 8000606:	6013      	str	r3, [r2, #0]

	/* Disable all clock interrupts */
	RCC->CIR = 0x00000000UL;
 8000608:	4b03      	ldr	r3, [pc, #12]	; (8000618 <SystemInit+0x54>)
 800060a:	2200      	movs	r2, #0
 800060c:	60da      	str	r2, [r3, #12]
}
 800060e:	bf00      	nop
 8000610:	4770      	bx	lr
 8000612:	bf00      	nop
 8000614:	e000ed00 	.word	0xe000ed00
 8000618:	40023800 	.word	0x40023800
 800061c:	24003010 	.word	0x24003010

08000620 <set_sysclk_to_100>:
* this is only tested on stm32f4 discovery board
*************************************************/
void set_sysclk_to_100(void)
{
	/* Enable HSE (CR: bit 16) */
	RCC->CR |= (1U << 16);
 8000620:	4b2a      	ldr	r3, [pc, #168]	; (80006cc <set_sysclk_to_100+0xac>)
 8000622:	681b      	ldr	r3, [r3, #0]
 8000624:	4a29      	ldr	r2, [pc, #164]	; (80006cc <set_sysclk_to_100+0xac>)
 8000626:	f443 3380 	orr.w	r3, r3, #65536	; 0x10000
 800062a:	6013      	str	r3, [r2, #0]
	/* Wait till HSE is ready (CR: bit 17) */
	while(!(RCC->CR & (1 << 17)));
 800062c:	bf00      	nop
 800062e:	4b27      	ldr	r3, [pc, #156]	; (80006cc <set_sysclk_to_100+0xac>)
 8000630:	681b      	ldr	r3, [r3, #0]
 8000632:	f403 3300 	and.w	r3, r3, #131072	; 0x20000
 8000636:	2b00      	cmp	r3, #0
 8000638:	d0f9      	beq.n	800062e <set_sysclk_to_100+0xe>

	/* Enable power interface clock (APB1ENR:bit 28) */
	RCC->APB1ENR |= (1 << 28);
 800063a:	4b24      	ldr	r3, [pc, #144]	; (80006cc <set_sysclk_to_100+0xac>)
 800063c:	6c1b      	ldr	r3, [r3, #64]	; 0x40
 800063e:	4a23      	ldr	r2, [pc, #140]	; (80006cc <set_sysclk_to_100+0xac>)
 8000640:	f043 5380 	orr.w	r3, r3, #268435456	; 0x10000000
 8000644:	6413      	str	r3, [r2, #64]	; 0x40

	/* set voltage scale to 1 for max frequency (PWR_CR:bit 14)
	 * (0b0) scale 2 for fCLK <= 144 Mhz
	 * (0b1) scale 1 for 144 Mhz < fCLK <= 168 Mhz
	 */
	PWR->CR |= (1 << 14);
 8000646:	4b22      	ldr	r3, [pc, #136]	; (80006d0 <set_sysclk_to_100+0xb0>)
 8000648:	681b      	ldr	r3, [r3, #0]
 800064a:	4a21      	ldr	r2, [pc, #132]	; (80006d0 <set_sysclk_to_100+0xb0>)
 800064c:	f443 4380 	orr.w	r3, r3, #16384	; 0x4000
 8000650:	6013      	str	r3, [r2, #0]

	/* set AHB prescaler to /1 (CFGR:bits 7:4) */
	RCC->CFGR |= (0 << 4);
 8000652:	4b1e      	ldr	r3, [pc, #120]	; (80006cc <set_sysclk_to_100+0xac>)
 8000654:	4a1d      	ldr	r2, [pc, #116]	; (80006cc <set_sysclk_to_100+0xac>)
 8000656:	689b      	ldr	r3, [r3, #8]
 8000658:	6093      	str	r3, [r2, #8]
	/* set APB low speed prescaler to /4 (APB1) (CFGR:bits 12:10) */
	RCC->CFGR |= (5 << 10);
 800065a:	4b1c      	ldr	r3, [pc, #112]	; (80006cc <set_sysclk_to_100+0xac>)
 800065c:	689b      	ldr	r3, [r3, #8]
 800065e:	4a1b      	ldr	r2, [pc, #108]	; (80006cc <set_sysclk_to_100+0xac>)
 8000660:	f443 53a0 	orr.w	r3, r3, #5120	; 0x1400
 8000664:	6093      	str	r3, [r2, #8]
	/* set APB high speed prescaler to /2 (APB2) (CFGR:bits 15:13) */
	RCC->CFGR |= (4 << 13);
 8000666:	4b19      	ldr	r3, [pc, #100]	; (80006cc <set_sysclk_to_100+0xac>)
 8000668:	689b      	ldr	r3, [r3, #8]
 800066a:	4a18      	ldr	r2, [pc, #96]	; (80006cc <set_sysclk_to_100+0xac>)
 800066c:	f443 4300 	orr.w	r3, r3, #32768	; 0x8000
 8000670:	6093      	str	r3, [r2, #8]

	/* Set M, N, P and Q PLL dividers
	 * PLLCFGR: bits 5:0 (M), 14:6 (N), 17:16 (P), 27:24 (Q)
	 * Set PLL source to HSE, PLLCFGR: bit 22, 1:HSE, 0:HSI
	 */
	RCC->PLLCFGR = PLL_M | (PLL_N << 6) | (((PLL_P >> 1) -1) << 16) |
 8000672:	4b16      	ldr	r3, [pc, #88]	; (80006cc <set_sysclk_to_100+0xac>)
 8000674:	4a17      	ldr	r2, [pc, #92]	; (80006d4 <set_sysclk_to_100+0xb4>)
 8000676:	605a      	str	r2, [r3, #4]
	               (PLL_Q << 24) | (1 << 22);
	/* Enable the main PLL (CR: bit 24) */
	RCC->CR |= (1 << 24);
 8000678:	4b14      	ldr	r3, [pc, #80]	; (80006cc <set_sysclk_to_100+0xac>)
 800067a:	681b      	ldr	r3, [r3, #0]
 800067c:	4a13      	ldr	r2, [pc, #76]	; (80006cc <set_sysclk_to_100+0xac>)
 800067e:	f043 7380 	orr.w	r3, r3, #16777216	; 0x1000000
 8000682:	6013      	str	r3, [r2, #0]
	/* Wait till the main PLL is ready (CR: bit 25) */
	while(!(RCC->CR & (1 << 25)));
 8000684:	bf00      	nop
 8000686:	4b11      	ldr	r3, [pc, #68]	; (80006cc <set_sysclk_to_100+0xac>)
 8000688:	681b      	ldr	r3, [r3, #0]
 800068a:	f003 7300 	and.w	r3, r3, #33554432	; 0x2000000
 800068e:	2b00      	cmp	r3, #0
 8000690:	d0f9      	beq.n	8000686 <set_sysclk_to_100+0x66>
	 * instruction cache enable (ACR:bit 9)
	 * data cache enable (ACR:bit 10)
	 * set latency to 5 wait states (ARC:bits 2:0)
	 *   see Table 10 on page 80 in RM0090
	 */
	FLASH->ACR = (1 << 8) | (1 << 9) | (1 << 10 ) | (5 << 0);
 8000692:	4b11      	ldr	r3, [pc, #68]	; (80006d8 <set_sysclk_to_100+0xb8>)
 8000694:	f240 7205 	movw	r2, #1797	; 0x705
 8000698:	601a      	str	r2, [r3, #0]
	/* Select the main PLL as system clock source, (CFGR:bits 1:0)
	 * 0b00 - HSI
	 * 0b01 - HSE
	 * 0b10 - PLL
	 */
	RCC->CFGR &= ~(3U << 0);
 800069a:	4b0c      	ldr	r3, [pc, #48]	; (80006cc <set_sysclk_to_100+0xac>)
 800069c:	689b      	ldr	r3, [r3, #8]
 800069e:	4a0b      	ldr	r2, [pc, #44]	; (80006cc <set_sysclk_to_100+0xac>)
 80006a0:	f023 0303 	bic.w	r3, r3, #3
 80006a4:	6093      	str	r3, [r2, #8]
	RCC->CFGR |= (2 << 0);
 80006a6:	4b09      	ldr	r3, [pc, #36]	; (80006cc <set_sysclk_to_100+0xac>)
 80006a8:	689b      	ldr	r3, [r3, #8]
 80006aa:	4a08      	ldr	r2, [pc, #32]	; (80006cc <set_sysclk_to_100+0xac>)
 80006ac:	f043 0302 	orr.w	r3, r3, #2
 80006b0:	6093      	str	r3, [r2, #8]
	/* Wait till the main PLL is used as system clock source (CFGR:bits 3:2) */
	while (!(RCC->CFGR & (2U << 2)));
 80006b2:	bf00      	nop
 80006b4:	4b05      	ldr	r3, [pc, #20]	; (80006cc <set_sysclk_to_100+0xac>)
 80006b6:	689b      	ldr	r3, [r3, #8]
 80006b8:	f003 0308 	and.w	r3, r3, #8
 80006bc:	2b00      	cmp	r3, #0
 80006be:	d0f9      	beq.n	80006b4 <set_sysclk_to_100+0x94>

	// update SystemCoreClock variable
	SystemCoreClock = 100000000;
 80006c0:	4b06      	ldr	r3, [pc, #24]	; (80006dc <set_sysclk_to_100+0xbc>)
 80006c2:	4a07      	ldr	r2, [pc, #28]	; (80006e0 <set_sysclk_to_100+0xc0>)
 80006c4:	601a      	str	r2, [r3, #0]
}
 80006c6:	bf00      	nop
 80006c8:	4770      	bx	lr
 80006ca:	bf00      	nop
 80006cc:	40023800 	.word	0x40023800
 80006d0:	40007000 	.word	0x40007000
 80006d4:	08416008 	.word	0x08416008
 80006d8:	40023c00 	.word	0x40023c00
 80006dc:	20000000 	.word	0x20000000
 80006e0:	05f5e100 	.word	0x05f5e100

080006e4 <Reset_Handler>:

    .section  .text.Reset_Handler
  .weak  Reset_Handler
  .type  Reset_Handler, %function
Reset_Handler:  
  ldr   sp, =_estack    		 /* set stack pointer */
 80006e4:	f8df d034 	ldr.w	sp, [pc, #52]	; 800071c <LoopFillZerobss+0x12>

/* Copy the data segment initializers from flash to SRAM */  
  ldr r0, =_sdata
 80006e8:	480d      	ldr	r0, [pc, #52]	; (8000720 <LoopFillZerobss+0x16>)
  ldr r1, =_edata
 80006ea:	490e      	ldr	r1, [pc, #56]	; (8000724 <LoopFillZerobss+0x1a>)
  ldr r2, =_sidata
 80006ec:	4a0e      	ldr	r2, [pc, #56]	; (8000728 <LoopFillZerobss+0x1e>)
  movs r3, #0
 80006ee:	2300      	movs	r3, #0
  b LoopCopyDataInit
 80006f0:	e002      	b.n	80006f8 <LoopCopyDataInit>

080006f2 <CopyDataInit>:

CopyDataInit:
  ldr r4, [r2, r3]
 80006f2:	58d4      	ldr	r4, [r2, r3]
  str r4, [r0, r3]
 80006f4:	50c4      	str	r4, [r0, r3]
  adds r3, r3, #4
 80006f6:	3304      	adds	r3, #4

080006f8 <LoopCopyDataInit>:

LoopCopyDataInit:
  adds r4, r0, r3
 80006f8:	18c4      	adds	r4, r0, r3
  cmp r4, r1
 80006fa:	428c      	cmp	r4, r1
  bcc CopyDataInit
 80006fc:	d3f9      	bcc.n	80006f2 <CopyDataInit>
  
/* Zero fill the bss segment. */
  ldr r2, =_sbss
 80006fe:	4a0b      	ldr	r2, [pc, #44]	; (800072c <LoopFillZerobss+0x22>)
  ldr r4, =_ebss
 8000700:	4c0b      	ldr	r4, [pc, #44]	; (8000730 <LoopFillZerobss+0x26>)
  movs r3, #0
 8000702:	2300      	movs	r3, #0
  b LoopFillZerobss
 8000704:	e001      	b.n	800070a <LoopFillZerobss>

08000706 <FillZerobss>:

FillZerobss:
  str  r3, [r2]
 8000706:	6013      	str	r3, [r2, #0]
  adds r2, r2, #4
 8000708:	3204      	adds	r2, #4

0800070a <LoopFillZerobss>:

LoopFillZerobss:
  cmp r2, r4
 800070a:	42a2      	cmp	r2, r4
  bcc FillZerobss
 800070c:	d3fb      	bcc.n	8000706 <FillZerobss>

/* Call the clock system initialization function.*/
  bl  SystemInit   
 800070e:	f7ff ff59 	bl	80005c4 <SystemInit>
/* Call static constructors */
    bl __libc_init_array
 8000712:	f000 f811 	bl	8000738 <__libc_init_array>
/* Call the application's entry point.*/
  bl  main
 8000716:	f7ff fdc3 	bl	80002a0 <main>
  bx  lr    
 800071a:	4770      	bx	lr
  ldr   sp, =_estack    		 /* set stack pointer */
 800071c:	20020000 	.word	0x20020000
  ldr r0, =_sdata
 8000720:	20000000 	.word	0x20000000
  ldr r1, =_edata
 8000724:	20000068 	.word	0x20000068
  ldr r2, =_sidata
 8000728:	0800114c 	.word	0x0800114c
  ldr r2, =_sbss
 800072c:	20000068 	.word	0x20000068
  ldr r4, =_ebss
 8000730:	20000498 	.word	0x20000498

08000734 <ADC_IRQHandler>:
 * @retval None       
*/
    .section  .text.Default_Handler,"ax",%progbits
Default_Handler:
Infinite_Loop:
  b  Infinite_Loop
 8000734:	e7fe      	b.n	8000734 <ADC_IRQHandler>
	...

08000738 <__libc_init_array>:
 8000738:	b570      	push	{r4, r5, r6, lr}
 800073a:	4d0d      	ldr	r5, [pc, #52]	; (8000770 <__libc_init_array+0x38>)
 800073c:	4c0d      	ldr	r4, [pc, #52]	; (8000774 <__libc_init_array+0x3c>)
 800073e:	1b64      	subs	r4, r4, r5
 8000740:	10a4      	asrs	r4, r4, #2
 8000742:	2600      	movs	r6, #0
 8000744:	42a6      	cmp	r6, r4
 8000746:	d109      	bne.n	800075c <__libc_init_array+0x24>
 8000748:	4d0b      	ldr	r5, [pc, #44]	; (8000778 <__libc_init_array+0x40>)
 800074a:	4c0c      	ldr	r4, [pc, #48]	; (800077c <__libc_init_array+0x44>)
 800074c:	f000 fc94 	bl	8001078 <_init>
 8000750:	1b64      	subs	r4, r4, r5
 8000752:	10a4      	asrs	r4, r4, #2
 8000754:	2600      	movs	r6, #0
 8000756:	42a6      	cmp	r6, r4
 8000758:	d105      	bne.n	8000766 <__libc_init_array+0x2e>
 800075a:	bd70      	pop	{r4, r5, r6, pc}
 800075c:	f855 3b04 	ldr.w	r3, [r5], #4
 8000760:	4798      	blx	r3
 8000762:	3601      	adds	r6, #1
 8000764:	e7ee      	b.n	8000744 <__libc_init_array+0xc>
 8000766:	f855 3b04 	ldr.w	r3, [r5], #4
 800076a:	4798      	blx	r3
 800076c:	3601      	adds	r6, #1
 800076e:	e7f2      	b.n	8000756 <__libc_init_array+0x1e>
 8000770:	08001144 	.word	0x08001144
 8000774:	08001144 	.word	0x08001144
 8000778:	08001144 	.word	0x08001144
 800077c:	08001148 	.word	0x08001148

08000780 <memset>:
 8000780:	4402      	add	r2, r0
 8000782:	4603      	mov	r3, r0
 8000784:	4293      	cmp	r3, r2
 8000786:	d100      	bne.n	800078a <memset+0xa>
 8000788:	4770      	bx	lr
 800078a:	f803 1b01 	strb.w	r1, [r3], #1
 800078e:	e7f9      	b.n	8000784 <memset+0x4>

08000790 <siprintf>:
 8000790:	b40e      	push	{r1, r2, r3}
 8000792:	b500      	push	{lr}
 8000794:	b09c      	sub	sp, #112	; 0x70
 8000796:	ab1d      	add	r3, sp, #116	; 0x74
 8000798:	9002      	str	r0, [sp, #8]
 800079a:	9006      	str	r0, [sp, #24]
 800079c:	f06f 4100 	mvn.w	r1, #2147483648	; 0x80000000
 80007a0:	4809      	ldr	r0, [pc, #36]	; (80007c8 <siprintf+0x38>)
 80007a2:	9107      	str	r1, [sp, #28]
 80007a4:	9104      	str	r1, [sp, #16]
 80007a6:	4909      	ldr	r1, [pc, #36]	; (80007cc <siprintf+0x3c>)
 80007a8:	f853 2b04 	ldr.w	r2, [r3], #4
 80007ac:	9105      	str	r1, [sp, #20]
 80007ae:	6800      	ldr	r0, [r0, #0]
 80007b0:	9301      	str	r3, [sp, #4]
 80007b2:	a902      	add	r1, sp, #8
 80007b4:	f000 f868 	bl	8000888 <_svfiprintf_r>
 80007b8:	9b02      	ldr	r3, [sp, #8]
 80007ba:	2200      	movs	r2, #0
 80007bc:	701a      	strb	r2, [r3, #0]
 80007be:	b01c      	add	sp, #112	; 0x70
 80007c0:	f85d eb04 	ldr.w	lr, [sp], #4
 80007c4:	b003      	add	sp, #12
 80007c6:	4770      	bx	lr
 80007c8:	20000004 	.word	0x20000004
 80007cc:	ffff0208 	.word	0xffff0208

080007d0 <__retarget_lock_acquire_recursive>:
 80007d0:	4770      	bx	lr

080007d2 <__retarget_lock_release_recursive>:
 80007d2:	4770      	bx	lr

080007d4 <__ssputs_r>:
 80007d4:	e92d 47f0 	stmdb	sp!, {r4, r5, r6, r7, r8, r9, sl, lr}
 80007d8:	688e      	ldr	r6, [r1, #8]
 80007da:	461f      	mov	r7, r3
 80007dc:	42be      	cmp	r6, r7
 80007de:	680b      	ldr	r3, [r1, #0]
 80007e0:	4682      	mov	sl, r0
 80007e2:	460c      	mov	r4, r1
 80007e4:	4690      	mov	r8, r2
 80007e6:	d82c      	bhi.n	8000842 <__ssputs_r+0x6e>
 80007e8:	898a      	ldrh	r2, [r1, #12]
 80007ea:	f412 6f90 	tst.w	r2, #1152	; 0x480
 80007ee:	d026      	beq.n	800083e <__ssputs_r+0x6a>
 80007f0:	6965      	ldr	r5, [r4, #20]
 80007f2:	6909      	ldr	r1, [r1, #16]
 80007f4:	eb05 0545 	add.w	r5, r5, r5, lsl #1
 80007f8:	eba3 0901 	sub.w	r9, r3, r1
 80007fc:	eb05 75d5 	add.w	r5, r5, r5, lsr #31
 8000800:	1c7b      	adds	r3, r7, #1
 8000802:	444b      	add	r3, r9
 8000804:	106d      	asrs	r5, r5, #1
 8000806:	429d      	cmp	r5, r3
 8000808:	bf38      	it	cc
 800080a:	461d      	movcc	r5, r3
 800080c:	0553      	lsls	r3, r2, #21
 800080e:	d527      	bpl.n	8000860 <__ssputs_r+0x8c>
 8000810:	4629      	mov	r1, r5
 8000812:	f000 fb5b 	bl	8000ecc <_malloc_r>
 8000816:	4606      	mov	r6, r0
 8000818:	b360      	cbz	r0, 8000874 <__ssputs_r+0xa0>
 800081a:	6921      	ldr	r1, [r4, #16]
 800081c:	464a      	mov	r2, r9
 800081e:	f000 fac1 	bl	8000da4 <memcpy>
 8000822:	89a3      	ldrh	r3, [r4, #12]
 8000824:	f423 6390 	bic.w	r3, r3, #1152	; 0x480
 8000828:	f043 0380 	orr.w	r3, r3, #128	; 0x80
 800082c:	81a3      	strh	r3, [r4, #12]
 800082e:	6126      	str	r6, [r4, #16]
 8000830:	6165      	str	r5, [r4, #20]
 8000832:	444e      	add	r6, r9
 8000834:	eba5 0509 	sub.w	r5, r5, r9
 8000838:	6026      	str	r6, [r4, #0]
 800083a:	60a5      	str	r5, [r4, #8]
 800083c:	463e      	mov	r6, r7
 800083e:	42be      	cmp	r6, r7
 8000840:	d900      	bls.n	8000844 <__ssputs_r+0x70>
 8000842:	463e      	mov	r6, r7
 8000844:	6820      	ldr	r0, [r4, #0]
 8000846:	4632      	mov	r2, r6
 8000848:	4641      	mov	r1, r8
 800084a:	f000 fab9 	bl	8000dc0 <memmove>
 800084e:	68a3      	ldr	r3, [r4, #8]
 8000850:	1b9b      	subs	r3, r3, r6
 8000852:	60a3      	str	r3, [r4, #8]
 8000854:	6823      	ldr	r3, [r4, #0]
 8000856:	4433      	add	r3, r6
 8000858:	6023      	str	r3, [r4, #0]
 800085a:	2000      	movs	r0, #0
 800085c:	e8bd 87f0 	ldmia.w	sp!, {r4, r5, r6, r7, r8, r9, sl, pc}
 8000860:	462a      	mov	r2, r5
 8000862:	f000 fba7 	bl	8000fb4 <_realloc_r>
 8000866:	4606      	mov	r6, r0
 8000868:	2800      	cmp	r0, #0
 800086a:	d1e0      	bne.n	800082e <__ssputs_r+0x5a>
 800086c:	6921      	ldr	r1, [r4, #16]
 800086e:	4650      	mov	r0, sl
 8000870:	f000 fac0 	bl	8000df4 <_free_r>
 8000874:	230c      	movs	r3, #12
 8000876:	f8ca 3000 	str.w	r3, [sl]
 800087a:	89a3      	ldrh	r3, [r4, #12]
 800087c:	f043 0340 	orr.w	r3, r3, #64	; 0x40
 8000880:	81a3      	strh	r3, [r4, #12]
 8000882:	f04f 30ff 	mov.w	r0, #4294967295	; 0xffffffff
 8000886:	e7e9      	b.n	800085c <__ssputs_r+0x88>

08000888 <_svfiprintf_r>:
 8000888:	e92d 4ff0 	stmdb	sp!, {r4, r5, r6, r7, r8, r9, sl, fp, lr}
 800088c:	4698      	mov	r8, r3
 800088e:	898b      	ldrh	r3, [r1, #12]
 8000890:	061b      	lsls	r3, r3, #24
 8000892:	b09d      	sub	sp, #116	; 0x74
 8000894:	4607      	mov	r7, r0
 8000896:	460d      	mov	r5, r1
 8000898:	4614      	mov	r4, r2
 800089a:	d50e      	bpl.n	80008ba <_svfiprintf_r+0x32>
 800089c:	690b      	ldr	r3, [r1, #16]
 800089e:	b963      	cbnz	r3, 80008ba <_svfiprintf_r+0x32>
 80008a0:	2140      	movs	r1, #64	; 0x40
 80008a2:	f000 fb13 	bl	8000ecc <_malloc_r>
 80008a6:	6028      	str	r0, [r5, #0]
 80008a8:	6128      	str	r0, [r5, #16]
 80008aa:	b920      	cbnz	r0, 80008b6 <_svfiprintf_r+0x2e>
 80008ac:	230c      	movs	r3, #12
 80008ae:	603b      	str	r3, [r7, #0]
 80008b0:	f04f 30ff 	mov.w	r0, #4294967295	; 0xffffffff
 80008b4:	e0d0      	b.n	8000a58 <_svfiprintf_r+0x1d0>
 80008b6:	2340      	movs	r3, #64	; 0x40
 80008b8:	616b      	str	r3, [r5, #20]
 80008ba:	2300      	movs	r3, #0
 80008bc:	9309      	str	r3, [sp, #36]	; 0x24
 80008be:	2320      	movs	r3, #32
 80008c0:	f88d 3029 	strb.w	r3, [sp, #41]	; 0x29
 80008c4:	f8cd 800c 	str.w	r8, [sp, #12]
 80008c8:	2330      	movs	r3, #48	; 0x30
 80008ca:	f8df 81a4 	ldr.w	r8, [pc, #420]	; 8000a70 <_svfiprintf_r+0x1e8>
 80008ce:	f88d 302a 	strb.w	r3, [sp, #42]	; 0x2a
 80008d2:	f04f 0901 	mov.w	r9, #1
 80008d6:	4623      	mov	r3, r4
 80008d8:	469a      	mov	sl, r3
 80008da:	f813 2b01 	ldrb.w	r2, [r3], #1
 80008de:	b10a      	cbz	r2, 80008e4 <_svfiprintf_r+0x5c>
 80008e0:	2a25      	cmp	r2, #37	; 0x25
 80008e2:	d1f9      	bne.n	80008d8 <_svfiprintf_r+0x50>
 80008e4:	ebba 0b04 	subs.w	fp, sl, r4
 80008e8:	d00b      	beq.n	8000902 <_svfiprintf_r+0x7a>
 80008ea:	465b      	mov	r3, fp
 80008ec:	4622      	mov	r2, r4
 80008ee:	4629      	mov	r1, r5
 80008f0:	4638      	mov	r0, r7
 80008f2:	f7ff ff6f 	bl	80007d4 <__ssputs_r>
 80008f6:	3001      	adds	r0, #1
 80008f8:	f000 80a9 	beq.w	8000a4e <_svfiprintf_r+0x1c6>
 80008fc:	9a09      	ldr	r2, [sp, #36]	; 0x24
 80008fe:	445a      	add	r2, fp
 8000900:	9209      	str	r2, [sp, #36]	; 0x24
 8000902:	f89a 3000 	ldrb.w	r3, [sl]
 8000906:	2b00      	cmp	r3, #0
 8000908:	f000 80a1 	beq.w	8000a4e <_svfiprintf_r+0x1c6>
 800090c:	2300      	movs	r3, #0
 800090e:	f04f 32ff 	mov.w	r2, #4294967295	; 0xffffffff
 8000912:	e9cd 2305 	strd	r2, r3, [sp, #20]
 8000916:	f10a 0a01 	add.w	sl, sl, #1
 800091a:	9304      	str	r3, [sp, #16]
 800091c:	9307      	str	r3, [sp, #28]
 800091e:	f88d 3053 	strb.w	r3, [sp, #83]	; 0x53
 8000922:	931a      	str	r3, [sp, #104]	; 0x68
 8000924:	4654      	mov	r4, sl
 8000926:	2205      	movs	r2, #5
 8000928:	f814 1b01 	ldrb.w	r1, [r4], #1
 800092c:	4850      	ldr	r0, [pc, #320]	; (8000a70 <_svfiprintf_r+0x1e8>)
 800092e:	f7ff fc3f 	bl	80001b0 <memchr>
 8000932:	9a04      	ldr	r2, [sp, #16]
 8000934:	b9d8      	cbnz	r0, 800096e <_svfiprintf_r+0xe6>
 8000936:	06d0      	lsls	r0, r2, #27
 8000938:	bf44      	itt	mi
 800093a:	2320      	movmi	r3, #32
 800093c:	f88d 3053 	strbmi.w	r3, [sp, #83]	; 0x53
 8000940:	0711      	lsls	r1, r2, #28
 8000942:	bf44      	itt	mi
 8000944:	232b      	movmi	r3, #43	; 0x2b
 8000946:	f88d 3053 	strbmi.w	r3, [sp, #83]	; 0x53
 800094a:	f89a 3000 	ldrb.w	r3, [sl]
 800094e:	2b2a      	cmp	r3, #42	; 0x2a
 8000950:	d015      	beq.n	800097e <_svfiprintf_r+0xf6>
 8000952:	9a07      	ldr	r2, [sp, #28]
 8000954:	4654      	mov	r4, sl
 8000956:	2000      	movs	r0, #0
 8000958:	f04f 0c0a 	mov.w	ip, #10
 800095c:	4621      	mov	r1, r4
 800095e:	f811 3b01 	ldrb.w	r3, [r1], #1
 8000962:	3b30      	subs	r3, #48	; 0x30
 8000964:	2b09      	cmp	r3, #9
 8000966:	d94d      	bls.n	8000a04 <_svfiprintf_r+0x17c>
 8000968:	b1b0      	cbz	r0, 8000998 <_svfiprintf_r+0x110>
 800096a:	9207      	str	r2, [sp, #28]
 800096c:	e014      	b.n	8000998 <_svfiprintf_r+0x110>
 800096e:	eba0 0308 	sub.w	r3, r0, r8
 8000972:	fa09 f303 	lsl.w	r3, r9, r3
 8000976:	4313      	orrs	r3, r2
 8000978:	9304      	str	r3, [sp, #16]
 800097a:	46a2      	mov	sl, r4
 800097c:	e7d2      	b.n	8000924 <_svfiprintf_r+0x9c>
 800097e:	9b03      	ldr	r3, [sp, #12]
 8000980:	1d19      	adds	r1, r3, #4
 8000982:	681b      	ldr	r3, [r3, #0]
 8000984:	9103      	str	r1, [sp, #12]
 8000986:	2b00      	cmp	r3, #0
 8000988:	bfbb      	ittet	lt
 800098a:	425b      	neglt	r3, r3
 800098c:	f042 0202 	orrlt.w	r2, r2, #2
 8000990:	9307      	strge	r3, [sp, #28]
 8000992:	9307      	strlt	r3, [sp, #28]
 8000994:	bfb8      	it	lt
 8000996:	9204      	strlt	r2, [sp, #16]
 8000998:	7823      	ldrb	r3, [r4, #0]
 800099a:	2b2e      	cmp	r3, #46	; 0x2e
 800099c:	d10c      	bne.n	80009b8 <_svfiprintf_r+0x130>
 800099e:	7863      	ldrb	r3, [r4, #1]
 80009a0:	2b2a      	cmp	r3, #42	; 0x2a
 80009a2:	d134      	bne.n	8000a0e <_svfiprintf_r+0x186>
 80009a4:	9b03      	ldr	r3, [sp, #12]
 80009a6:	1d1a      	adds	r2, r3, #4
 80009a8:	681b      	ldr	r3, [r3, #0]
 80009aa:	9203      	str	r2, [sp, #12]
 80009ac:	2b00      	cmp	r3, #0
 80009ae:	bfb8      	it	lt
 80009b0:	f04f 33ff 	movlt.w	r3, #4294967295	; 0xffffffff
 80009b4:	3402      	adds	r4, #2
 80009b6:	9305      	str	r3, [sp, #20]
 80009b8:	f8df a0c4 	ldr.w	sl, [pc, #196]	; 8000a80 <_svfiprintf_r+0x1f8>
 80009bc:	7821      	ldrb	r1, [r4, #0]
 80009be:	2203      	movs	r2, #3
 80009c0:	4650      	mov	r0, sl
 80009c2:	f7ff fbf5 	bl	80001b0 <memchr>
 80009c6:	b138      	cbz	r0, 80009d8 <_svfiprintf_r+0x150>
 80009c8:	9b04      	ldr	r3, [sp, #16]
 80009ca:	eba0 000a 	sub.w	r0, r0, sl
 80009ce:	2240      	movs	r2, #64	; 0x40
 80009d0:	4082      	lsls	r2, r0
 80009d2:	4313      	orrs	r3, r2
 80009d4:	3401      	adds	r4, #1
 80009d6:	9304      	str	r3, [sp, #16]
 80009d8:	f814 1b01 	ldrb.w	r1, [r4], #1
 80009dc:	4825      	ldr	r0, [pc, #148]	; (8000a74 <_svfiprintf_r+0x1ec>)
 80009de:	f88d 1028 	strb.w	r1, [sp, #40]	; 0x28
 80009e2:	2206      	movs	r2, #6
 80009e4:	f7ff fbe4 	bl	80001b0 <memchr>
 80009e8:	2800      	cmp	r0, #0
 80009ea:	d038      	beq.n	8000a5e <_svfiprintf_r+0x1d6>
 80009ec:	4b22      	ldr	r3, [pc, #136]	; (8000a78 <_svfiprintf_r+0x1f0>)
 80009ee:	bb1b      	cbnz	r3, 8000a38 <_svfiprintf_r+0x1b0>
 80009f0:	9b03      	ldr	r3, [sp, #12]
 80009f2:	3307      	adds	r3, #7
 80009f4:	f023 0307 	bic.w	r3, r3, #7
 80009f8:	3308      	adds	r3, #8
 80009fa:	9303      	str	r3, [sp, #12]
 80009fc:	9b09      	ldr	r3, [sp, #36]	; 0x24
 80009fe:	4433      	add	r3, r6
 8000a00:	9309      	str	r3, [sp, #36]	; 0x24
 8000a02:	e768      	b.n	80008d6 <_svfiprintf_r+0x4e>
 8000a04:	fb0c 3202 	mla	r2, ip, r2, r3
 8000a08:	460c      	mov	r4, r1
 8000a0a:	2001      	movs	r0, #1
 8000a0c:	e7a6      	b.n	800095c <_svfiprintf_r+0xd4>
 8000a0e:	2300      	movs	r3, #0
 8000a10:	3401      	adds	r4, #1
 8000a12:	9305      	str	r3, [sp, #20]
 8000a14:	4619      	mov	r1, r3
 8000a16:	f04f 0c0a 	mov.w	ip, #10
 8000a1a:	4620      	mov	r0, r4
 8000a1c:	f810 2b01 	ldrb.w	r2, [r0], #1
 8000a20:	3a30      	subs	r2, #48	; 0x30
 8000a22:	2a09      	cmp	r2, #9
 8000a24:	d903      	bls.n	8000a2e <_svfiprintf_r+0x1a6>
 8000a26:	2b00      	cmp	r3, #0
 8000a28:	d0c6      	beq.n	80009b8 <_svfiprintf_r+0x130>
 8000a2a:	9105      	str	r1, [sp, #20]
 8000a2c:	e7c4      	b.n	80009b8 <_svfiprintf_r+0x130>
 8000a2e:	fb0c 2101 	mla	r1, ip, r1, r2
 8000a32:	4604      	mov	r4, r0
 8000a34:	2301      	movs	r3, #1
 8000a36:	e7f0      	b.n	8000a1a <_svfiprintf_r+0x192>
 8000a38:	ab03      	add	r3, sp, #12
 8000a3a:	9300      	str	r3, [sp, #0]
 8000a3c:	462a      	mov	r2, r5
 8000a3e:	4b0f      	ldr	r3, [pc, #60]	; (8000a7c <_svfiprintf_r+0x1f4>)
 8000a40:	a904      	add	r1, sp, #16
 8000a42:	4638      	mov	r0, r7
 8000a44:	f3af 8000 	nop.w
 8000a48:	1c42      	adds	r2, r0, #1
 8000a4a:	4606      	mov	r6, r0
 8000a4c:	d1d6      	bne.n	80009fc <_svfiprintf_r+0x174>
 8000a4e:	89ab      	ldrh	r3, [r5, #12]
 8000a50:	065b      	lsls	r3, r3, #25
 8000a52:	f53f af2d 	bmi.w	80008b0 <_svfiprintf_r+0x28>
 8000a56:	9809      	ldr	r0, [sp, #36]	; 0x24
 8000a58:	b01d      	add	sp, #116	; 0x74
 8000a5a:	e8bd 8ff0 	ldmia.w	sp!, {r4, r5, r6, r7, r8, r9, sl, fp, pc}
 8000a5e:	ab03      	add	r3, sp, #12
 8000a60:	9300      	str	r3, [sp, #0]
 8000a62:	462a      	mov	r2, r5
 8000a64:	4b05      	ldr	r3, [pc, #20]	; (8000a7c <_svfiprintf_r+0x1f4>)
 8000a66:	a904      	add	r1, sp, #16
 8000a68:	4638      	mov	r0, r7
 8000a6a:	f000 f879 	bl	8000b60 <_printf_i>
 8000a6e:	e7eb      	b.n	8000a48 <_svfiprintf_r+0x1c0>
 8000a70:	0800110f 	.word	0x0800110f
 8000a74:	08001119 	.word	0x08001119
 8000a78:	00000000 	.word	0x00000000
 8000a7c:	080007d5 	.word	0x080007d5
 8000a80:	08001115 	.word	0x08001115

08000a84 <_printf_common>:
 8000a84:	e92d 47f0 	stmdb	sp!, {r4, r5, r6, r7, r8, r9, sl, lr}
 8000a88:	4616      	mov	r6, r2
 8000a8a:	4699      	mov	r9, r3
 8000a8c:	688a      	ldr	r2, [r1, #8]
 8000a8e:	690b      	ldr	r3, [r1, #16]
 8000a90:	f8dd 8020 	ldr.w	r8, [sp, #32]
 8000a94:	4293      	cmp	r3, r2
 8000a96:	bfb8      	it	lt
 8000a98:	4613      	movlt	r3, r2
 8000a9a:	6033      	str	r3, [r6, #0]
 8000a9c:	f891 2043 	ldrb.w	r2, [r1, #67]	; 0x43
 8000aa0:	4607      	mov	r7, r0
 8000aa2:	460c      	mov	r4, r1
 8000aa4:	b10a      	cbz	r2, 8000aaa <_printf_common+0x26>
 8000aa6:	3301      	adds	r3, #1
 8000aa8:	6033      	str	r3, [r6, #0]
 8000aaa:	6823      	ldr	r3, [r4, #0]
 8000aac:	0699      	lsls	r1, r3, #26
 8000aae:	bf42      	ittt	mi
 8000ab0:	6833      	ldrmi	r3, [r6, #0]
 8000ab2:	3302      	addmi	r3, #2
 8000ab4:	6033      	strmi	r3, [r6, #0]
 8000ab6:	6825      	ldr	r5, [r4, #0]
 8000ab8:	f015 0506 	ands.w	r5, r5, #6
 8000abc:	d106      	bne.n	8000acc <_printf_common+0x48>
 8000abe:	f104 0a19 	add.w	sl, r4, #25
 8000ac2:	68e3      	ldr	r3, [r4, #12]
 8000ac4:	6832      	ldr	r2, [r6, #0]
 8000ac6:	1a9b      	subs	r3, r3, r2
 8000ac8:	42ab      	cmp	r3, r5
 8000aca:	dc26      	bgt.n	8000b1a <_printf_common+0x96>
 8000acc:	f894 2043 	ldrb.w	r2, [r4, #67]	; 0x43
 8000ad0:	1e13      	subs	r3, r2, #0
 8000ad2:	6822      	ldr	r2, [r4, #0]
 8000ad4:	bf18      	it	ne
 8000ad6:	2301      	movne	r3, #1
 8000ad8:	0692      	lsls	r2, r2, #26
 8000ada:	d42b      	bmi.n	8000b34 <_printf_common+0xb0>
 8000adc:	f104 0243 	add.w	r2, r4, #67	; 0x43
 8000ae0:	4649      	mov	r1, r9
 8000ae2:	4638      	mov	r0, r7
 8000ae4:	47c0      	blx	r8
 8000ae6:	3001      	adds	r0, #1
 8000ae8:	d01e      	beq.n	8000b28 <_printf_common+0xa4>
 8000aea:	6823      	ldr	r3, [r4, #0]
 8000aec:	6922      	ldr	r2, [r4, #16]
 8000aee:	f003 0306 	and.w	r3, r3, #6
 8000af2:	2b04      	cmp	r3, #4
 8000af4:	bf02      	ittt	eq
 8000af6:	68e5      	ldreq	r5, [r4, #12]
 8000af8:	6833      	ldreq	r3, [r6, #0]
 8000afa:	1aed      	subeq	r5, r5, r3
 8000afc:	68a3      	ldr	r3, [r4, #8]
 8000afe:	bf0c      	ite	eq
 8000b00:	ea25 75e5 	biceq.w	r5, r5, r5, asr #31
 8000b04:	2500      	movne	r5, #0
 8000b06:	4293      	cmp	r3, r2
 8000b08:	bfc4      	itt	gt
 8000b0a:	1a9b      	subgt	r3, r3, r2
 8000b0c:	18ed      	addgt	r5, r5, r3
 8000b0e:	2600      	movs	r6, #0
 8000b10:	341a      	adds	r4, #26
 8000b12:	42b5      	cmp	r5, r6
 8000b14:	d11a      	bne.n	8000b4c <_printf_common+0xc8>
 8000b16:	2000      	movs	r0, #0
 8000b18:	e008      	b.n	8000b2c <_printf_common+0xa8>
 8000b1a:	2301      	movs	r3, #1
 8000b1c:	4652      	mov	r2, sl
 8000b1e:	4649      	mov	r1, r9
 8000b20:	4638      	mov	r0, r7
 8000b22:	47c0      	blx	r8
 8000b24:	3001      	adds	r0, #1
 8000b26:	d103      	bne.n	8000b30 <_printf_common+0xac>
 8000b28:	f04f 30ff 	mov.w	r0, #4294967295	; 0xffffffff
 8000b2c:	e8bd 87f0 	ldmia.w	sp!, {r4, r5, r6, r7, r8, r9, sl, pc}
 8000b30:	3501      	adds	r5, #1
 8000b32:	e7c6      	b.n	8000ac2 <_printf_common+0x3e>
 8000b34:	18e1      	adds	r1, r4, r3
 8000b36:	1c5a      	adds	r2, r3, #1
 8000b38:	2030      	movs	r0, #48	; 0x30
 8000b3a:	f881 0043 	strb.w	r0, [r1, #67]	; 0x43
 8000b3e:	4422      	add	r2, r4
 8000b40:	f894 1045 	ldrb.w	r1, [r4, #69]	; 0x45
 8000b44:	f882 1043 	strb.w	r1, [r2, #67]	; 0x43
 8000b48:	3302      	adds	r3, #2
 8000b4a:	e7c7      	b.n	8000adc <_printf_common+0x58>
 8000b4c:	2301      	movs	r3, #1
 8000b4e:	4622      	mov	r2, r4
 8000b50:	4649      	mov	r1, r9
 8000b52:	4638      	mov	r0, r7
 8000b54:	47c0      	blx	r8
 8000b56:	3001      	adds	r0, #1
 8000b58:	d0e6      	beq.n	8000b28 <_printf_common+0xa4>
 8000b5a:	3601      	adds	r6, #1
 8000b5c:	e7d9      	b.n	8000b12 <_printf_common+0x8e>
	...

08000b60 <_printf_i>:
 8000b60:	e92d 47ff 	stmdb	sp!, {r0, r1, r2, r3, r4, r5, r6, r7, r8, r9, sl, lr}
 8000b64:	7e0f      	ldrb	r7, [r1, #24]
 8000b66:	9d0c      	ldr	r5, [sp, #48]	; 0x30
 8000b68:	2f78      	cmp	r7, #120	; 0x78
 8000b6a:	4691      	mov	r9, r2
 8000b6c:	4680      	mov	r8, r0
 8000b6e:	460c      	mov	r4, r1
 8000b70:	469a      	mov	sl, r3
 8000b72:	f101 0243 	add.w	r2, r1, #67	; 0x43
 8000b76:	d807      	bhi.n	8000b88 <_printf_i+0x28>
 8000b78:	2f62      	cmp	r7, #98	; 0x62
 8000b7a:	d80a      	bhi.n	8000b92 <_printf_i+0x32>
 8000b7c:	2f00      	cmp	r7, #0
 8000b7e:	f000 80d4 	beq.w	8000d2a <_printf_i+0x1ca>
 8000b82:	2f58      	cmp	r7, #88	; 0x58
 8000b84:	f000 80c0 	beq.w	8000d08 <_printf_i+0x1a8>
 8000b88:	f104 0542 	add.w	r5, r4, #66	; 0x42
 8000b8c:	f884 7042 	strb.w	r7, [r4, #66]	; 0x42
 8000b90:	e03a      	b.n	8000c08 <_printf_i+0xa8>
 8000b92:	f1a7 0363 	sub.w	r3, r7, #99	; 0x63
 8000b96:	2b15      	cmp	r3, #21
 8000b98:	d8f6      	bhi.n	8000b88 <_printf_i+0x28>
 8000b9a:	a101      	add	r1, pc, #4	; (adr r1, 8000ba0 <_printf_i+0x40>)
 8000b9c:	f851 f023 	ldr.w	pc, [r1, r3, lsl #2]
 8000ba0:	08000bf9 	.word	0x08000bf9
 8000ba4:	08000c0d 	.word	0x08000c0d
 8000ba8:	08000b89 	.word	0x08000b89
 8000bac:	08000b89 	.word	0x08000b89
 8000bb0:	08000b89 	.word	0x08000b89
 8000bb4:	08000b89 	.word	0x08000b89
 8000bb8:	08000c0d 	.word	0x08000c0d
 8000bbc:	08000b89 	.word	0x08000b89
 8000bc0:	08000b89 	.word	0x08000b89
 8000bc4:	08000b89 	.word	0x08000b89
 8000bc8:	08000b89 	.word	0x08000b89
 8000bcc:	08000d11 	.word	0x08000d11
 8000bd0:	08000c39 	.word	0x08000c39
 8000bd4:	08000ccb 	.word	0x08000ccb
 8000bd8:	08000b89 	.word	0x08000b89
 8000bdc:	08000b89 	.word	0x08000b89
 8000be0:	08000d33 	.word	0x08000d33
 8000be4:	08000b89 	.word	0x08000b89
 8000be8:	08000c39 	.word	0x08000c39
 8000bec:	08000b89 	.word	0x08000b89
 8000bf0:	08000b89 	.word	0x08000b89
 8000bf4:	08000cd3 	.word	0x08000cd3
 8000bf8:	682b      	ldr	r3, [r5, #0]
 8000bfa:	1d1a      	adds	r2, r3, #4
 8000bfc:	681b      	ldr	r3, [r3, #0]
 8000bfe:	602a      	str	r2, [r5, #0]
 8000c00:	f104 0542 	add.w	r5, r4, #66	; 0x42
 8000c04:	f884 3042 	strb.w	r3, [r4, #66]	; 0x42
 8000c08:	2301      	movs	r3, #1
 8000c0a:	e09f      	b.n	8000d4c <_printf_i+0x1ec>
 8000c0c:	6820      	ldr	r0, [r4, #0]
 8000c0e:	682b      	ldr	r3, [r5, #0]
 8000c10:	0607      	lsls	r7, r0, #24
 8000c12:	f103 0104 	add.w	r1, r3, #4
 8000c16:	6029      	str	r1, [r5, #0]
 8000c18:	d501      	bpl.n	8000c1e <_printf_i+0xbe>
 8000c1a:	681e      	ldr	r6, [r3, #0]
 8000c1c:	e003      	b.n	8000c26 <_printf_i+0xc6>
 8000c1e:	0646      	lsls	r6, r0, #25
 8000c20:	d5fb      	bpl.n	8000c1a <_printf_i+0xba>
 8000c22:	f9b3 6000 	ldrsh.w	r6, [r3]
 8000c26:	2e00      	cmp	r6, #0
 8000c28:	da03      	bge.n	8000c32 <_printf_i+0xd2>
 8000c2a:	232d      	movs	r3, #45	; 0x2d
 8000c2c:	4276      	negs	r6, r6
 8000c2e:	f884 3043 	strb.w	r3, [r4, #67]	; 0x43
 8000c32:	485a      	ldr	r0, [pc, #360]	; (8000d9c <_printf_i+0x23c>)
 8000c34:	230a      	movs	r3, #10
 8000c36:	e012      	b.n	8000c5e <_printf_i+0xfe>
 8000c38:	682b      	ldr	r3, [r5, #0]
 8000c3a:	6820      	ldr	r0, [r4, #0]
 8000c3c:	1d19      	adds	r1, r3, #4
 8000c3e:	6029      	str	r1, [r5, #0]
 8000c40:	0605      	lsls	r5, r0, #24
 8000c42:	d501      	bpl.n	8000c48 <_printf_i+0xe8>
 8000c44:	681e      	ldr	r6, [r3, #0]
 8000c46:	e002      	b.n	8000c4e <_printf_i+0xee>
 8000c48:	0641      	lsls	r1, r0, #25
 8000c4a:	d5fb      	bpl.n	8000c44 <_printf_i+0xe4>
 8000c4c:	881e      	ldrh	r6, [r3, #0]
 8000c4e:	4853      	ldr	r0, [pc, #332]	; (8000d9c <_printf_i+0x23c>)
 8000c50:	2f6f      	cmp	r7, #111	; 0x6f
 8000c52:	bf0c      	ite	eq
 8000c54:	2308      	moveq	r3, #8
 8000c56:	230a      	movne	r3, #10
 8000c58:	2100      	movs	r1, #0
 8000c5a:	f884 1043 	strb.w	r1, [r4, #67]	; 0x43
 8000c5e:	6865      	ldr	r5, [r4, #4]
 8000c60:	60a5      	str	r5, [r4, #8]
 8000c62:	2d00      	cmp	r5, #0
 8000c64:	bfa2      	ittt	ge
 8000c66:	6821      	ldrge	r1, [r4, #0]
 8000c68:	f021 0104 	bicge.w	r1, r1, #4
 8000c6c:	6021      	strge	r1, [r4, #0]
 8000c6e:	b90e      	cbnz	r6, 8000c74 <_printf_i+0x114>
 8000c70:	2d00      	cmp	r5, #0
 8000c72:	d04b      	beq.n	8000d0c <_printf_i+0x1ac>
 8000c74:	4615      	mov	r5, r2
 8000c76:	fbb6 f1f3 	udiv	r1, r6, r3
 8000c7a:	fb03 6711 	mls	r7, r3, r1, r6
 8000c7e:	5dc7      	ldrb	r7, [r0, r7]
 8000c80:	f805 7d01 	strb.w	r7, [r5, #-1]!
 8000c84:	4637      	mov	r7, r6
 8000c86:	42bb      	cmp	r3, r7
 8000c88:	460e      	mov	r6, r1
 8000c8a:	d9f4      	bls.n	8000c76 <_printf_i+0x116>
 8000c8c:	2b08      	cmp	r3, #8
 8000c8e:	d10b      	bne.n	8000ca8 <_printf_i+0x148>
 8000c90:	6823      	ldr	r3, [r4, #0]
 8000c92:	07de      	lsls	r6, r3, #31
 8000c94:	d508      	bpl.n	8000ca8 <_printf_i+0x148>
 8000c96:	6923      	ldr	r3, [r4, #16]
 8000c98:	6861      	ldr	r1, [r4, #4]
 8000c9a:	4299      	cmp	r1, r3
 8000c9c:	bfde      	ittt	le
 8000c9e:	2330      	movle	r3, #48	; 0x30
 8000ca0:	f805 3c01 	strble.w	r3, [r5, #-1]
 8000ca4:	f105 35ff 	addle.w	r5, r5, #4294967295	; 0xffffffff
 8000ca8:	1b52      	subs	r2, r2, r5
 8000caa:	6122      	str	r2, [r4, #16]
 8000cac:	f8cd a000 	str.w	sl, [sp]
 8000cb0:	464b      	mov	r3, r9
 8000cb2:	aa03      	add	r2, sp, #12
 8000cb4:	4621      	mov	r1, r4
 8000cb6:	4640      	mov	r0, r8
 8000cb8:	f7ff fee4 	bl	8000a84 <_printf_common>
 8000cbc:	3001      	adds	r0, #1
 8000cbe:	d14a      	bne.n	8000d56 <_printf_i+0x1f6>
 8000cc0:	f04f 30ff 	mov.w	r0, #4294967295	; 0xffffffff
 8000cc4:	b004      	add	sp, #16
 8000cc6:	e8bd 87f0 	ldmia.w	sp!, {r4, r5, r6, r7, r8, r9, sl, pc}
 8000cca:	6823      	ldr	r3, [r4, #0]
 8000ccc:	f043 0320 	orr.w	r3, r3, #32
 8000cd0:	6023      	str	r3, [r4, #0]
 8000cd2:	4833      	ldr	r0, [pc, #204]	; (8000da0 <_printf_i+0x240>)
 8000cd4:	2778      	movs	r7, #120	; 0x78
 8000cd6:	f884 7045 	strb.w	r7, [r4, #69]	; 0x45
 8000cda:	6823      	ldr	r3, [r4, #0]
 8000cdc:	6829      	ldr	r1, [r5, #0]
 8000cde:	061f      	lsls	r7, r3, #24
 8000ce0:	f851 6b04 	ldr.w	r6, [r1], #4
 8000ce4:	d402      	bmi.n	8000cec <_printf_i+0x18c>
 8000ce6:	065f      	lsls	r7, r3, #25
 8000ce8:	bf48      	it	mi
 8000cea:	b2b6      	uxthmi	r6, r6
 8000cec:	07df      	lsls	r7, r3, #31
 8000cee:	bf48      	it	mi
 8000cf0:	f043 0320 	orrmi.w	r3, r3, #32
 8000cf4:	6029      	str	r1, [r5, #0]
 8000cf6:	bf48      	it	mi
 8000cf8:	6023      	strmi	r3, [r4, #0]
 8000cfa:	b91e      	cbnz	r6, 8000d04 <_printf_i+0x1a4>
 8000cfc:	6823      	ldr	r3, [r4, #0]
 8000cfe:	f023 0320 	bic.w	r3, r3, #32
 8000d02:	6023      	str	r3, [r4, #0]
 8000d04:	2310      	movs	r3, #16
 8000d06:	e7a7      	b.n	8000c58 <_printf_i+0xf8>
 8000d08:	4824      	ldr	r0, [pc, #144]	; (8000d9c <_printf_i+0x23c>)
 8000d0a:	e7e4      	b.n	8000cd6 <_printf_i+0x176>
 8000d0c:	4615      	mov	r5, r2
 8000d0e:	e7bd      	b.n	8000c8c <_printf_i+0x12c>
 8000d10:	682b      	ldr	r3, [r5, #0]
 8000d12:	6826      	ldr	r6, [r4, #0]
 8000d14:	6961      	ldr	r1, [r4, #20]
 8000d16:	1d18      	adds	r0, r3, #4
 8000d18:	6028      	str	r0, [r5, #0]
 8000d1a:	0635      	lsls	r5, r6, #24
 8000d1c:	681b      	ldr	r3, [r3, #0]
 8000d1e:	d501      	bpl.n	8000d24 <_printf_i+0x1c4>
 8000d20:	6019      	str	r1, [r3, #0]
 8000d22:	e002      	b.n	8000d2a <_printf_i+0x1ca>
 8000d24:	0670      	lsls	r0, r6, #25
 8000d26:	d5fb      	bpl.n	8000d20 <_printf_i+0x1c0>
 8000d28:	8019      	strh	r1, [r3, #0]
 8000d2a:	2300      	movs	r3, #0
 8000d2c:	6123      	str	r3, [r4, #16]
 8000d2e:	4615      	mov	r5, r2
 8000d30:	e7bc      	b.n	8000cac <_printf_i+0x14c>
 8000d32:	682b      	ldr	r3, [r5, #0]
 8000d34:	1d1a      	adds	r2, r3, #4
 8000d36:	602a      	str	r2, [r5, #0]
 8000d38:	681d      	ldr	r5, [r3, #0]
 8000d3a:	6862      	ldr	r2, [r4, #4]
 8000d3c:	2100      	movs	r1, #0
 8000d3e:	4628      	mov	r0, r5
 8000d40:	f7ff fa36 	bl	80001b0 <memchr>
 8000d44:	b108      	cbz	r0, 8000d4a <_printf_i+0x1ea>
 8000d46:	1b40      	subs	r0, r0, r5
 8000d48:	6060      	str	r0, [r4, #4]
 8000d4a:	6863      	ldr	r3, [r4, #4]
 8000d4c:	6123      	str	r3, [r4, #16]
 8000d4e:	2300      	movs	r3, #0
 8000d50:	f884 3043 	strb.w	r3, [r4, #67]	; 0x43
 8000d54:	e7aa      	b.n	8000cac <_printf_i+0x14c>
 8000d56:	6923      	ldr	r3, [r4, #16]
 8000d58:	462a      	mov	r2, r5
 8000d5a:	4649      	mov	r1, r9
 8000d5c:	4640      	mov	r0, r8
 8000d5e:	47d0      	blx	sl
 8000d60:	3001      	adds	r0, #1
 8000d62:	d0ad      	beq.n	8000cc0 <_printf_i+0x160>
 8000d64:	6823      	ldr	r3, [r4, #0]
 8000d66:	079b      	lsls	r3, r3, #30
 8000d68:	d413      	bmi.n	8000d92 <_printf_i+0x232>
 8000d6a:	68e0      	ldr	r0, [r4, #12]
 8000d6c:	9b03      	ldr	r3, [sp, #12]
 8000d6e:	4298      	cmp	r0, r3
 8000d70:	bfb8      	it	lt
 8000d72:	4618      	movlt	r0, r3
 8000d74:	e7a6      	b.n	8000cc4 <_printf_i+0x164>
 8000d76:	2301      	movs	r3, #1
 8000d78:	4632      	mov	r2, r6
 8000d7a:	4649      	mov	r1, r9
 8000d7c:	4640      	mov	r0, r8
 8000d7e:	47d0      	blx	sl
 8000d80:	3001      	adds	r0, #1
 8000d82:	d09d      	beq.n	8000cc0 <_printf_i+0x160>
 8000d84:	3501      	adds	r5, #1
 8000d86:	68e3      	ldr	r3, [r4, #12]
 8000d88:	9903      	ldr	r1, [sp, #12]
 8000d8a:	1a5b      	subs	r3, r3, r1
 8000d8c:	42ab      	cmp	r3, r5
 8000d8e:	dcf2      	bgt.n	8000d76 <_printf_i+0x216>
 8000d90:	e7eb      	b.n	8000d6a <_printf_i+0x20a>
 8000d92:	2500      	movs	r5, #0
 8000d94:	f104 0619 	add.w	r6, r4, #25
 8000d98:	e7f5      	b.n	8000d86 <_printf_i+0x226>
 8000d9a:	bf00      	nop
 8000d9c:	08001120 	.word	0x08001120
 8000da0:	08001131 	.word	0x08001131

08000da4 <memcpy>:
 8000da4:	440a      	add	r2, r1
 8000da6:	4291      	cmp	r1, r2
 8000da8:	f100 33ff 	add.w	r3, r0, #4294967295	; 0xffffffff
 8000dac:	d100      	bne.n	8000db0 <memcpy+0xc>
 8000dae:	4770      	bx	lr
 8000db0:	b510      	push	{r4, lr}
 8000db2:	f811 4b01 	ldrb.w	r4, [r1], #1
 8000db6:	f803 4f01 	strb.w	r4, [r3, #1]!
 8000dba:	4291      	cmp	r1, r2
 8000dbc:	d1f9      	bne.n	8000db2 <memcpy+0xe>
 8000dbe:	bd10      	pop	{r4, pc}

08000dc0 <memmove>:
 8000dc0:	4288      	cmp	r0, r1
 8000dc2:	b510      	push	{r4, lr}
 8000dc4:	eb01 0402 	add.w	r4, r1, r2
 8000dc8:	d902      	bls.n	8000dd0 <memmove+0x10>
 8000dca:	4284      	cmp	r4, r0
 8000dcc:	4623      	mov	r3, r4
 8000dce:	d807      	bhi.n	8000de0 <memmove+0x20>
 8000dd0:	1e43      	subs	r3, r0, #1
 8000dd2:	42a1      	cmp	r1, r4
 8000dd4:	d008      	beq.n	8000de8 <memmove+0x28>
 8000dd6:	f811 2b01 	ldrb.w	r2, [r1], #1
 8000dda:	f803 2f01 	strb.w	r2, [r3, #1]!
 8000dde:	e7f8      	b.n	8000dd2 <memmove+0x12>
 8000de0:	4402      	add	r2, r0
 8000de2:	4601      	mov	r1, r0
 8000de4:	428a      	cmp	r2, r1
 8000de6:	d100      	bne.n	8000dea <memmove+0x2a>
 8000de8:	bd10      	pop	{r4, pc}
 8000dea:	f813 4d01 	ldrb.w	r4, [r3, #-1]!
 8000dee:	f802 4d01 	strb.w	r4, [r2, #-1]!
 8000df2:	e7f7      	b.n	8000de4 <memmove+0x24>

08000df4 <_free_r>:
 8000df4:	b537      	push	{r0, r1, r2, r4, r5, lr}
 8000df6:	2900      	cmp	r1, #0
 8000df8:	d044      	beq.n	8000e84 <_free_r+0x90>
 8000dfa:	f851 3c04 	ldr.w	r3, [r1, #-4]
 8000dfe:	9001      	str	r0, [sp, #4]
 8000e00:	2b00      	cmp	r3, #0
 8000e02:	f1a1 0404 	sub.w	r4, r1, #4
 8000e06:	bfb8      	it	lt
 8000e08:	18e4      	addlt	r4, r4, r3
 8000e0a:	f000 f913 	bl	8001034 <__malloc_lock>
 8000e0e:	4a1e      	ldr	r2, [pc, #120]	; (8000e88 <_free_r+0x94>)
 8000e10:	9801      	ldr	r0, [sp, #4]
 8000e12:	6813      	ldr	r3, [r2, #0]
 8000e14:	b933      	cbnz	r3, 8000e24 <_free_r+0x30>
 8000e16:	6063      	str	r3, [r4, #4]
 8000e18:	6014      	str	r4, [r2, #0]
 8000e1a:	b003      	add	sp, #12
 8000e1c:	e8bd 4030 	ldmia.w	sp!, {r4, r5, lr}
 8000e20:	f000 b90e 	b.w	8001040 <__malloc_unlock>
 8000e24:	42a3      	cmp	r3, r4
 8000e26:	d908      	bls.n	8000e3a <_free_r+0x46>
 8000e28:	6825      	ldr	r5, [r4, #0]
 8000e2a:	1961      	adds	r1, r4, r5
 8000e2c:	428b      	cmp	r3, r1
 8000e2e:	bf01      	itttt	eq
 8000e30:	6819      	ldreq	r1, [r3, #0]
 8000e32:	685b      	ldreq	r3, [r3, #4]
 8000e34:	1949      	addeq	r1, r1, r5
 8000e36:	6021      	streq	r1, [r4, #0]
 8000e38:	e7ed      	b.n	8000e16 <_free_r+0x22>
 8000e3a:	461a      	mov	r2, r3
 8000e3c:	685b      	ldr	r3, [r3, #4]
 8000e3e:	b10b      	cbz	r3, 8000e44 <_free_r+0x50>
 8000e40:	42a3      	cmp	r3, r4
 8000e42:	d9fa      	bls.n	8000e3a <_free_r+0x46>
 8000e44:	6811      	ldr	r1, [r2, #0]
 8000e46:	1855      	adds	r5, r2, r1
 8000e48:	42a5      	cmp	r5, r4
 8000e4a:	d10b      	bne.n	8000e64 <_free_r+0x70>
 8000e4c:	6824      	ldr	r4, [r4, #0]
 8000e4e:	4421      	add	r1, r4
 8000e50:	1854      	adds	r4, r2, r1
 8000e52:	42a3      	cmp	r3, r4
 8000e54:	6011      	str	r1, [r2, #0]
 8000e56:	d1e0      	bne.n	8000e1a <_free_r+0x26>
 8000e58:	681c      	ldr	r4, [r3, #0]
 8000e5a:	685b      	ldr	r3, [r3, #4]
 8000e5c:	6053      	str	r3, [r2, #4]
 8000e5e:	440c      	add	r4, r1
 8000e60:	6014      	str	r4, [r2, #0]
 8000e62:	e7da      	b.n	8000e1a <_free_r+0x26>
 8000e64:	d902      	bls.n	8000e6c <_free_r+0x78>
 8000e66:	230c      	movs	r3, #12
 8000e68:	6003      	str	r3, [r0, #0]
 8000e6a:	e7d6      	b.n	8000e1a <_free_r+0x26>
 8000e6c:	6825      	ldr	r5, [r4, #0]
 8000e6e:	1961      	adds	r1, r4, r5
 8000e70:	428b      	cmp	r3, r1
 8000e72:	bf04      	itt	eq
 8000e74:	6819      	ldreq	r1, [r3, #0]
 8000e76:	685b      	ldreq	r3, [r3, #4]
 8000e78:	6063      	str	r3, [r4, #4]
 8000e7a:	bf04      	itt	eq
 8000e7c:	1949      	addeq	r1, r1, r5
 8000e7e:	6021      	streq	r1, [r4, #0]
 8000e80:	6054      	str	r4, [r2, #4]
 8000e82:	e7ca      	b.n	8000e1a <_free_r+0x26>
 8000e84:	b003      	add	sp, #12
 8000e86:	bd30      	pop	{r4, r5, pc}
 8000e88:	20000488 	.word	0x20000488

08000e8c <sbrk_aligned>:
 8000e8c:	b570      	push	{r4, r5, r6, lr}
 8000e8e:	4e0e      	ldr	r6, [pc, #56]	; (8000ec8 <sbrk_aligned+0x3c>)
 8000e90:	460c      	mov	r4, r1
 8000e92:	6831      	ldr	r1, [r6, #0]
 8000e94:	4605      	mov	r5, r0
 8000e96:	b911      	cbnz	r1, 8000e9e <sbrk_aligned+0x12>
 8000e98:	f000 f8bc 	bl	8001014 <_sbrk_r>
 8000e9c:	6030      	str	r0, [r6, #0]
 8000e9e:	4621      	mov	r1, r4
 8000ea0:	4628      	mov	r0, r5
 8000ea2:	f000 f8b7 	bl	8001014 <_sbrk_r>
 8000ea6:	1c43      	adds	r3, r0, #1
 8000ea8:	d00a      	beq.n	8000ec0 <sbrk_aligned+0x34>
 8000eaa:	1cc4      	adds	r4, r0, #3
 8000eac:	f024 0403 	bic.w	r4, r4, #3
 8000eb0:	42a0      	cmp	r0, r4
 8000eb2:	d007      	beq.n	8000ec4 <sbrk_aligned+0x38>
 8000eb4:	1a21      	subs	r1, r4, r0
 8000eb6:	4628      	mov	r0, r5
 8000eb8:	f000 f8ac 	bl	8001014 <_sbrk_r>
 8000ebc:	3001      	adds	r0, #1
 8000ebe:	d101      	bne.n	8000ec4 <sbrk_aligned+0x38>
 8000ec0:	f04f 34ff 	mov.w	r4, #4294967295	; 0xffffffff
 8000ec4:	4620      	mov	r0, r4
 8000ec6:	bd70      	pop	{r4, r5, r6, pc}
 8000ec8:	2000048c 	.word	0x2000048c

08000ecc <_malloc_r>:
 8000ecc:	e92d 41f0 	stmdb	sp!, {r4, r5, r6, r7, r8, lr}
 8000ed0:	1ccd      	adds	r5, r1, #3
 8000ed2:	f025 0503 	bic.w	r5, r5, #3
 8000ed6:	3508      	adds	r5, #8
 8000ed8:	2d0c      	cmp	r5, #12
 8000eda:	bf38      	it	cc
 8000edc:	250c      	movcc	r5, #12
 8000ede:	2d00      	cmp	r5, #0
 8000ee0:	4607      	mov	r7, r0
 8000ee2:	db01      	blt.n	8000ee8 <_malloc_r+0x1c>
 8000ee4:	42a9      	cmp	r1, r5
 8000ee6:	d905      	bls.n	8000ef4 <_malloc_r+0x28>
 8000ee8:	230c      	movs	r3, #12
 8000eea:	603b      	str	r3, [r7, #0]
 8000eec:	2600      	movs	r6, #0
 8000eee:	4630      	mov	r0, r6
 8000ef0:	e8bd 81f0 	ldmia.w	sp!, {r4, r5, r6, r7, r8, pc}
 8000ef4:	4e2e      	ldr	r6, [pc, #184]	; (8000fb0 <_malloc_r+0xe4>)
 8000ef6:	f000 f89d 	bl	8001034 <__malloc_lock>
 8000efa:	6833      	ldr	r3, [r6, #0]
 8000efc:	461c      	mov	r4, r3
 8000efe:	bb34      	cbnz	r4, 8000f4e <_malloc_r+0x82>
 8000f00:	4629      	mov	r1, r5
 8000f02:	4638      	mov	r0, r7
 8000f04:	f7ff ffc2 	bl	8000e8c <sbrk_aligned>
 8000f08:	1c43      	adds	r3, r0, #1
 8000f0a:	4604      	mov	r4, r0
 8000f0c:	d14d      	bne.n	8000faa <_malloc_r+0xde>
 8000f0e:	6834      	ldr	r4, [r6, #0]
 8000f10:	4626      	mov	r6, r4
 8000f12:	2e00      	cmp	r6, #0
 8000f14:	d140      	bne.n	8000f98 <_malloc_r+0xcc>
 8000f16:	6823      	ldr	r3, [r4, #0]
 8000f18:	4631      	mov	r1, r6
 8000f1a:	4638      	mov	r0, r7
 8000f1c:	eb04 0803 	add.w	r8, r4, r3
 8000f20:	f000 f878 	bl	8001014 <_sbrk_r>
 8000f24:	4580      	cmp	r8, r0
 8000f26:	d13a      	bne.n	8000f9e <_malloc_r+0xd2>
 8000f28:	6823      	ldr	r3, [r4, #0]
 8000f2a:	3503      	adds	r5, #3
 8000f2c:	1aed      	subs	r5, r5, r3
 8000f2e:	f025 0503 	bic.w	r5, r5, #3
 8000f32:	3508      	adds	r5, #8
 8000f34:	2d0c      	cmp	r5, #12
 8000f36:	bf38      	it	cc
 8000f38:	250c      	movcc	r5, #12
 8000f3a:	4629      	mov	r1, r5
 8000f3c:	4638      	mov	r0, r7
 8000f3e:	f7ff ffa5 	bl	8000e8c <sbrk_aligned>
 8000f42:	3001      	adds	r0, #1
 8000f44:	d02b      	beq.n	8000f9e <_malloc_r+0xd2>
 8000f46:	6823      	ldr	r3, [r4, #0]
 8000f48:	442b      	add	r3, r5
 8000f4a:	6023      	str	r3, [r4, #0]
 8000f4c:	e00e      	b.n	8000f6c <_malloc_r+0xa0>
 8000f4e:	6822      	ldr	r2, [r4, #0]
 8000f50:	1b52      	subs	r2, r2, r5
 8000f52:	d41e      	bmi.n	8000f92 <_malloc_r+0xc6>
 8000f54:	2a0b      	cmp	r2, #11
 8000f56:	d916      	bls.n	8000f86 <_malloc_r+0xba>
 8000f58:	1961      	adds	r1, r4, r5
 8000f5a:	42a3      	cmp	r3, r4
 8000f5c:	6025      	str	r5, [r4, #0]
 8000f5e:	bf18      	it	ne
 8000f60:	6059      	strne	r1, [r3, #4]
 8000f62:	6863      	ldr	r3, [r4, #4]
 8000f64:	bf08      	it	eq
 8000f66:	6031      	streq	r1, [r6, #0]
 8000f68:	5162      	str	r2, [r4, r5]
 8000f6a:	604b      	str	r3, [r1, #4]
 8000f6c:	4638      	mov	r0, r7
 8000f6e:	f104 060b 	add.w	r6, r4, #11
 8000f72:	f000 f865 	bl	8001040 <__malloc_unlock>
 8000f76:	f026 0607 	bic.w	r6, r6, #7
 8000f7a:	1d23      	adds	r3, r4, #4
 8000f7c:	1af2      	subs	r2, r6, r3
 8000f7e:	d0b6      	beq.n	8000eee <_malloc_r+0x22>
 8000f80:	1b9b      	subs	r3, r3, r6
 8000f82:	50a3      	str	r3, [r4, r2]
 8000f84:	e7b3      	b.n	8000eee <_malloc_r+0x22>
 8000f86:	6862      	ldr	r2, [r4, #4]
 8000f88:	42a3      	cmp	r3, r4
 8000f8a:	bf0c      	ite	eq
 8000f8c:	6032      	streq	r2, [r6, #0]
 8000f8e:	605a      	strne	r2, [r3, #4]
 8000f90:	e7ec      	b.n	8000f6c <_malloc_r+0xa0>
 8000f92:	4623      	mov	r3, r4
 8000f94:	6864      	ldr	r4, [r4, #4]
 8000f96:	e7b2      	b.n	8000efe <_malloc_r+0x32>
 8000f98:	4634      	mov	r4, r6
 8000f9a:	6876      	ldr	r6, [r6, #4]
 8000f9c:	e7b9      	b.n	8000f12 <_malloc_r+0x46>
 8000f9e:	230c      	movs	r3, #12
 8000fa0:	603b      	str	r3, [r7, #0]
 8000fa2:	4638      	mov	r0, r7
 8000fa4:	f000 f84c 	bl	8001040 <__malloc_unlock>
 8000fa8:	e7a1      	b.n	8000eee <_malloc_r+0x22>
 8000faa:	6025      	str	r5, [r4, #0]
 8000fac:	e7de      	b.n	8000f6c <_malloc_r+0xa0>
 8000fae:	bf00      	nop
 8000fb0:	20000488 	.word	0x20000488

08000fb4 <_realloc_r>:
 8000fb4:	e92d 41f0 	stmdb	sp!, {r4, r5, r6, r7, r8, lr}
 8000fb8:	4680      	mov	r8, r0
 8000fba:	4614      	mov	r4, r2
 8000fbc:	460e      	mov	r6, r1
 8000fbe:	b921      	cbnz	r1, 8000fca <_realloc_r+0x16>
 8000fc0:	e8bd 41f0 	ldmia.w	sp!, {r4, r5, r6, r7, r8, lr}
 8000fc4:	4611      	mov	r1, r2
 8000fc6:	f7ff bf81 	b.w	8000ecc <_malloc_r>
 8000fca:	b92a      	cbnz	r2, 8000fd8 <_realloc_r+0x24>
 8000fcc:	f7ff ff12 	bl	8000df4 <_free_r>
 8000fd0:	4625      	mov	r5, r4
 8000fd2:	4628      	mov	r0, r5
 8000fd4:	e8bd 81f0 	ldmia.w	sp!, {r4, r5, r6, r7, r8, pc}
 8000fd8:	f000 f838 	bl	800104c <_malloc_usable_size_r>
 8000fdc:	4284      	cmp	r4, r0
 8000fde:	4607      	mov	r7, r0
 8000fe0:	d802      	bhi.n	8000fe8 <_realloc_r+0x34>
 8000fe2:	ebb4 0f50 	cmp.w	r4, r0, lsr #1
 8000fe6:	d812      	bhi.n	800100e <_realloc_r+0x5a>
 8000fe8:	4621      	mov	r1, r4
 8000fea:	4640      	mov	r0, r8
 8000fec:	f7ff ff6e 	bl	8000ecc <_malloc_r>
 8000ff0:	4605      	mov	r5, r0
 8000ff2:	2800      	cmp	r0, #0
 8000ff4:	d0ed      	beq.n	8000fd2 <_realloc_r+0x1e>
 8000ff6:	42bc      	cmp	r4, r7
 8000ff8:	4622      	mov	r2, r4
 8000ffa:	4631      	mov	r1, r6
 8000ffc:	bf28      	it	cs
 8000ffe:	463a      	movcs	r2, r7
 8001000:	f7ff fed0 	bl	8000da4 <memcpy>
 8001004:	4631      	mov	r1, r6
 8001006:	4640      	mov	r0, r8
 8001008:	f7ff fef4 	bl	8000df4 <_free_r>
 800100c:	e7e1      	b.n	8000fd2 <_realloc_r+0x1e>
 800100e:	4635      	mov	r5, r6
 8001010:	e7df      	b.n	8000fd2 <_realloc_r+0x1e>
	...

08001014 <_sbrk_r>:
 8001014:	b538      	push	{r3, r4, r5, lr}
 8001016:	4d06      	ldr	r5, [pc, #24]	; (8001030 <_sbrk_r+0x1c>)
 8001018:	2300      	movs	r3, #0
 800101a:	4604      	mov	r4, r0
 800101c:	4608      	mov	r0, r1
 800101e:	602b      	str	r3, [r5, #0]
 8001020:	f000 f81c 	bl	800105c <_sbrk>
 8001024:	1c43      	adds	r3, r0, #1
 8001026:	d102      	bne.n	800102e <_sbrk_r+0x1a>
 8001028:	682b      	ldr	r3, [r5, #0]
 800102a:	b103      	cbz	r3, 800102e <_sbrk_r+0x1a>
 800102c:	6023      	str	r3, [r4, #0]
 800102e:	bd38      	pop	{r3, r4, r5, pc}
 8001030:	20000490 	.word	0x20000490

08001034 <__malloc_lock>:
 8001034:	4801      	ldr	r0, [pc, #4]	; (800103c <__malloc_lock+0x8>)
 8001036:	f7ff bbcb 	b.w	80007d0 <__retarget_lock_acquire_recursive>
 800103a:	bf00      	nop
 800103c:	20000484 	.word	0x20000484

08001040 <__malloc_unlock>:
 8001040:	4801      	ldr	r0, [pc, #4]	; (8001048 <__malloc_unlock+0x8>)
 8001042:	f7ff bbc6 	b.w	80007d2 <__retarget_lock_release_recursive>
 8001046:	bf00      	nop
 8001048:	20000484 	.word	0x20000484

0800104c <_malloc_usable_size_r>:
 800104c:	f851 3c04 	ldr.w	r3, [r1, #-4]
 8001050:	1f18      	subs	r0, r3, #4
 8001052:	2b00      	cmp	r3, #0
 8001054:	bfbc      	itt	lt
 8001056:	580b      	ldrlt	r3, [r1, r0]
 8001058:	18c0      	addlt	r0, r0, r3
 800105a:	4770      	bx	lr

0800105c <_sbrk>:
 800105c:	4a04      	ldr	r2, [pc, #16]	; (8001070 <_sbrk+0x14>)
 800105e:	4905      	ldr	r1, [pc, #20]	; (8001074 <_sbrk+0x18>)
 8001060:	6813      	ldr	r3, [r2, #0]
 8001062:	2b00      	cmp	r3, #0
 8001064:	bf08      	it	eq
 8001066:	460b      	moveq	r3, r1
 8001068:	4418      	add	r0, r3
 800106a:	6010      	str	r0, [r2, #0]
 800106c:	4618      	mov	r0, r3
 800106e:	4770      	bx	lr
 8001070:	20000494 	.word	0x20000494
 8001074:	20000498 	.word	0x20000498

08001078 <_init>:
 8001078:	b5f8      	push	{r3, r4, r5, r6, r7, lr}
 800107a:	bf00      	nop
 800107c:	bcf8      	pop	{r3, r4, r5, r6, r7}
 800107e:	bc08      	pop	{r3}
 8001080:	469e      	mov	lr, r3
 8001082:	4770      	bx	lr

08001084 <_fini>:
 8001084:	b5f8      	push	{r3, r4, r5, r6, r7, lr}
 8001086:	bf00      	nop
 8001088:	bcf8      	pop	{r3, r4, r5, r6, r7}
 800108a:	bc08      	pop	{r3}
 800108c:	469e      	mov	lr, r3
 800108e:	4770      	bx	lr
